SF:/Users/hl/Projects/private/bingo/crates/bingo-api/src/error_cli.rs
FN:380,_RNCNvMNtCsh21Ep08yPYI_9bingo_api9error_cliNtB4_19InteractiveDebugger14show_analytics0B6_
FN:466,_RNCNvMNtCsh21Ep08yPYI_9bingo_api9error_cliNtB4_19InteractiveDebugger16analyze_category0B6_
FN:702,_RNCNvMNtCsh21Ep08yPYI_9bingo_api9error_cliNtB4_19InteractiveDebugger20generate_html_report0B6_
FN:709,_RNCNvMNtCsh21Ep08yPYI_9bingo_api9error_cliNtB4_19InteractiveDebugger20generate_html_reports_0B6_
FN:622,_RNvMNtCsh21Ep08yPYI_9bingo_api9error_cliNtB2_19InteractiveDebugger10show_error
FN:569,_RNvMNtCsh21Ep08yPYI_9bingo_api9error_cliNtB2_19InteractiveDebugger11list_errors
FN:817,_RNvMNtCsh21Ep08yPYI_9bingo_api9error_cliNtB2_19InteractiveDebugger12clear_errors
FN:758,_RNvMNtCsh21Ep08yPYI_9bingo_api9error_cliNtB2_19InteractiveDebugger13export_errors
FN:750,_RNvMNtCsh21Ep08yPYI_9bingo_api9error_cliNtB2_19InteractiveDebugger13search_errors
FN:226,_RNvMNtCsh21Ep08yPYI_9bingo_api9error_cliNtB2_19InteractiveDebugger13start_session
FN:481,_RNvMNtCsh21Ep08yPYI_9bingo_api9error_cliNtB2_19InteractiveDebugger14analyze_errors
FN:370,_RNvMNtCsh21Ep08yPYI_9bingo_api9error_cliNtB2_19InteractiveDebugger14show_analytics
FN:209,_RNvMNtCsh21Ep08yPYI_9bingo_api9error_cliNtB2_19InteractiveDebugger15execute_command
FN:632,_RNvMNtCsh21Ep08yPYI_9bingo_api9error_cliNtB2_19InteractiveDebugger15generate_report
FN:449,_RNvMNtCsh21Ep08yPYI_9bingo_api9error_cliNtB2_19InteractiveDebugger16analyze_category
FN:343,_RNvMNtCsh21Ep08yPYI_9bingo_api9error_cliNtB2_19InteractiveDebugger18show_recent_errors
FN:779,_RNvMNtCsh21Ep08yPYI_9bingo_api9error_cliNtB2_19InteractiveDebugger19generate_csv_export
FN:791,_RNvMNtCsh21Ep08yPYI_9bingo_api9error_cliNtB2_19InteractiveDebugger19generate_xml_export
FN:322,_RNvMNtCsh21Ep08yPYI_9bingo_api9error_cliNtB2_19InteractiveDebugger19show_session_status
FN:657,_RNvMNtCsh21Ep08yPYI_9bingo_api9error_cliNtB2_19InteractiveDebugger20generate_html_report
FN:526,_RNvMNtCsh21Ep08yPYI_9bingo_api9error_cliNtB2_19InteractiveDebugger20print_analysis_table
FN:266,_RNvMNtCsh21Ep08yPYI_9bingo_api9error_cliNtB2_19InteractiveDebugger20run_interactive_loop
FN:418,_RNvMNtCsh21Ep08yPYI_9bingo_api9error_cliNtB2_19InteractiveDebugger22show_error_interactive
FN:716,_RNvMNtCsh21Ep08yPYI_9bingo_api9error_cliNtB2_19InteractiveDebugger24generate_markdown_report
FN:438,_RNvMNtCsh21Ep08yPYI_9bingo_api9error_cliNtB2_19InteractiveDebugger25search_errors_interactive
FN:204,_RNvMNtCsh21Ep08yPYI_9bingo_api9error_cliNtB2_19InteractiveDebugger3new
FN:309,_RNvMNtCsh21Ep08yPYI_9bingo_api9error_cliNtB2_19InteractiveDebugger9show_help
FN:838,_RNvNtCsh21Ep08yPYI_9bingo_api9error_cli19run_error_debug_cli
FNDA:0,_RNCNvMNtCsh21Ep08yPYI_9bingo_api9error_cliNtB4_19InteractiveDebugger14show_analytics0B6_
FNDA:0,_RNCNvMNtCsh21Ep08yPYI_9bingo_api9error_cliNtB4_19InteractiveDebugger16analyze_category0B6_
FNDA:0,_RNCNvMNtCsh21Ep08yPYI_9bingo_api9error_cliNtB4_19InteractiveDebugger20generate_html_report0B6_
FNDA:0,_RNCNvMNtCsh21Ep08yPYI_9bingo_api9error_cliNtB4_19InteractiveDebugger20generate_html_reports_0B6_
FNDA:0,_RNvMNtCsh21Ep08yPYI_9bingo_api9error_cliNtB2_19InteractiveDebugger10show_error
FNDA:0,_RNvMNtCsh21Ep08yPYI_9bingo_api9error_cliNtB2_19InteractiveDebugger11list_errors
FNDA:0,_RNvMNtCsh21Ep08yPYI_9bingo_api9error_cliNtB2_19InteractiveDebugger12clear_errors
FNDA:0,_RNvMNtCsh21Ep08yPYI_9bingo_api9error_cliNtB2_19InteractiveDebugger13export_errors
FNDA:0,_RNvMNtCsh21Ep08yPYI_9bingo_api9error_cliNtB2_19InteractiveDebugger13search_errors
FNDA:0,_RNvMNtCsh21Ep08yPYI_9bingo_api9error_cliNtB2_19InteractiveDebugger13start_session
FNDA:0,_RNvMNtCsh21Ep08yPYI_9bingo_api9error_cliNtB2_19InteractiveDebugger14analyze_errors
FNDA:0,_RNvMNtCsh21Ep08yPYI_9bingo_api9error_cliNtB2_19InteractiveDebugger14show_analytics
FNDA:0,_RNvMNtCsh21Ep08yPYI_9bingo_api9error_cliNtB2_19InteractiveDebugger15execute_command
FNDA:0,_RNvMNtCsh21Ep08yPYI_9bingo_api9error_cliNtB2_19InteractiveDebugger15generate_report
FNDA:0,_RNvMNtCsh21Ep08yPYI_9bingo_api9error_cliNtB2_19InteractiveDebugger16analyze_category
FNDA:0,_RNvMNtCsh21Ep08yPYI_9bingo_api9error_cliNtB2_19InteractiveDebugger18show_recent_errors
FNDA:0,_RNvMNtCsh21Ep08yPYI_9bingo_api9error_cliNtB2_19InteractiveDebugger19generate_csv_export
FNDA:0,_RNvMNtCsh21Ep08yPYI_9bingo_api9error_cliNtB2_19InteractiveDebugger19generate_xml_export
FNDA:0,_RNvMNtCsh21Ep08yPYI_9bingo_api9error_cliNtB2_19InteractiveDebugger19show_session_status
FNDA:0,_RNvMNtCsh21Ep08yPYI_9bingo_api9error_cliNtB2_19InteractiveDebugger20generate_html_report
FNDA:0,_RNvMNtCsh21Ep08yPYI_9bingo_api9error_cliNtB2_19InteractiveDebugger20print_analysis_table
FNDA:0,_RNvMNtCsh21Ep08yPYI_9bingo_api9error_cliNtB2_19InteractiveDebugger20run_interactive_loop
FNDA:0,_RNvMNtCsh21Ep08yPYI_9bingo_api9error_cliNtB2_19InteractiveDebugger22show_error_interactive
FNDA:0,_RNvMNtCsh21Ep08yPYI_9bingo_api9error_cliNtB2_19InteractiveDebugger24generate_markdown_report
FNDA:0,_RNvMNtCsh21Ep08yPYI_9bingo_api9error_cliNtB2_19InteractiveDebugger25search_errors_interactive
FNDA:0,_RNvMNtCsh21Ep08yPYI_9bingo_api9error_cliNtB2_19InteractiveDebugger3new
FNDA:0,_RNvMNtCsh21Ep08yPYI_9bingo_api9error_cliNtB2_19InteractiveDebugger9show_help
FNDA:0,_RNvNtCsh21Ep08yPYI_9bingo_api9error_cli19run_error_debug_cli
FNF:28
FNH:0
DA:204,0
DA:205,0
DA:206,0
DA:209,0
DA:210,0
DA:211,0
DA:212,0
DA:213,0
DA:214,0
DA:215,0
DA:216,0
DA:217,0
DA:218,0
DA:219,0
DA:220,0
DA:221,0
DA:223,0
DA:226,0
DA:227,0
DA:230,0
DA:231,0
DA:232,0
DA:233,0
DA:234,0
DA:235,0
DA:239,0
DA:240,0
DA:241,0
DA:242,0
DA:243,0
DA:244,0
DA:247,0
DA:248,0
DA:249,0
DA:252,0
DA:254,0
DA:255,0
DA:256,0
DA:257,0
DA:258,0
DA:259,0
DA:262,0
DA:263,0
DA:266,0
DA:267,0
DA:268,0
DA:272,0
DA:273,0
DA:275,0
DA:276,0
DA:277,0
DA:279,0
DA:280,0
DA:281,0
DA:282,0
DA:284,0
DA:285,0
DA:286,0
DA:287,0
DA:288,0
DA:289,0
DA:290,0
DA:291,0
DA:292,0
DA:293,0
DA:294,0
DA:295,0
DA:296,0
DA:297,0
DA:298,0
DA:299,0
DA:300,0
DA:301,0
DA:305,0
DA:306,0
DA:309,0
DA:310,0
DA:311,0
DA:312,0
DA:313,0
DA:314,0
DA:315,0
DA:316,0
DA:317,0
DA:318,0
DA:319,0
DA:322,0
DA:323,0
DA:324,0
DA:325,0
DA:326,0
DA:327,0
DA:329,0
DA:330,0
DA:331,0
DA:332,0
DA:333,0
DA:334,0
DA:335,0
DA:336,0
DA:337,0
DA:338,0
DA:339,0
DA:340,0
DA:343,0
DA:344,0
DA:345,0
DA:347,0
DA:349,0
DA:350,0
DA:351,0
DA:352,0
DA:355,0
DA:356,0
DA:357,0
DA:358,0
DA:359,0
DA:363,0
DA:364,0
DA:365,0
DA:367,0
DA:370,0
DA:371,0
DA:372,0
DA:374,0
DA:377,0
DA:378,0
DA:379,0
DA:380,0
DA:382,0
DA:383,0
DA:384,0
DA:385,0
DA:388,0
DA:389,0
DA:390,0
DA:391,0
DA:392,0
DA:393,0
DA:394,0
DA:395,0
DA:396,0
DA:397,0
DA:398,0
DA:399,0
DA:402,0
DA:403,0
DA:404,0
DA:405,0
DA:406,0
DA:407,0
DA:408,0
DA:409,0
DA:410,0
DA:411,0
DA:412,0
DA:413,0
DA:414,0
DA:415,0
DA:418,0
DA:419,0
DA:420,0
DA:421,0
DA:422,0
DA:424,0
DA:425,0
DA:427,0
DA:428,0
DA:433,0
DA:434,0
DA:435,0
DA:438,0
DA:439,0
DA:440,0
DA:441,0
DA:442,0
DA:444,0
DA:445,0
DA:446,0
DA:449,0
DA:450,0
DA:451,0
DA:452,0
DA:453,0
DA:455,0
DA:456,0
DA:458,0
DA:459,0
DA:460,0
DA:463,0
DA:464,0
DA:465,0
DA:466,0
DA:467,0
DA:469,0
DA:470,0
DA:471,0
DA:472,0
DA:473,0
DA:474,0
DA:475,0
DA:476,0
DA:477,0
DA:478,0
DA:481,0
DA:482,0
DA:484,0
DA:485,0
DA:486,0
DA:488,0
DA:489,0
DA:490,0
DA:492,0
DA:493,0
DA:494,0
DA:495,0
DA:497,0
DA:498,0
DA:499,0
DA:500,0
DA:501,0
DA:502,0
DA:504,0
DA:505,0
DA:506,0
DA:507,0
DA:508,0
DA:509,0
DA:510,0
DA:512,0
DA:514,0
DA:515,0
DA:516,0
DA:517,0
DA:518,0
DA:519,0
DA:522,0
DA:523,0
DA:526,0
DA:527,0
DA:528,0
DA:529,0
DA:530,0
DA:531,0
DA:532,0
DA:534,0
DA:535,0
DA:538,0
DA:540,0
DA:541,0
DA:542,0
DA:543,0
DA:544,0
DA:545,0
DA:546,0
DA:547,0
DA:549,0
DA:550,0
DA:551,0
DA:552,0
DA:553,0
DA:554,0
DA:555,0
DA:556,0
DA:557,0
DA:559,0
DA:561,0
DA:563,0
DA:565,0
DA:566,0
DA:569,0
DA:570,0
DA:572,0
DA:573,0
DA:575,0
DA:576,0
DA:577,0
DA:579,0
DA:580,0
DA:581,0
DA:582,0
DA:583,0
DA:584,0
DA:585,0
DA:586,0
DA:587,0
DA:588,0
DA:589,0
DA:590,0
DA:591,0
DA:592,0
DA:593,0
DA:594,0
DA:595,0
DA:596,0
DA:597,0
DA:598,0
DA:599,0
DA:603,0
DA:604,0
DA:605,0
DA:606,0
DA:607,0
DA:608,0
DA:609,0
DA:610,0
DA:611,0
DA:612,0
DA:613,0
DA:618,0
DA:619,0
DA:622,0
DA:623,0
DA:625,0
DA:626,0
DA:628,0
DA:629,0
DA:632,0
DA:633,0
DA:635,0
DA:636,0
DA:637,0
DA:639,0
DA:640,0
DA:641,0
DA:642,0
DA:643,0
DA:646,0
DA:647,0
DA:648,0
DA:649,0
DA:650,0
DA:651,0
DA:653,0
DA:654,0
DA:657,0
DA:658,0
DA:659,0
DA:660,0
DA:661,0
DA:662,0
DA:663,0
DA:664,0
DA:665,0
DA:666,0
DA:667,0
DA:668,0
DA:669,0
DA:670,0
DA:671,0
DA:672,0
DA:673,0
DA:674,0
DA:675,0
DA:676,0
DA:677,0
DA:678,0
DA:679,0
DA:680,0
DA:681,0
DA:682,0
DA:683,0
DA:684,0
DA:685,0
DA:686,0
DA:687,0
DA:688,0
DA:689,0
DA:690,0
DA:691,0
DA:692,0
DA:693,0
DA:694,0
DA:695,0
DA:696,0
DA:697,0
DA:699,0
DA:700,0
DA:701,0
DA:702,0
DA:703,0
DA:704,0
DA:705,0
DA:706,0
DA:707,0
DA:708,0
DA:709,0
DA:710,0
DA:711,0
DA:713,0
DA:716,0
DA:717,0
DA:719,0
DA:720,0
DA:721,0
DA:722,0
DA:723,0
DA:724,0
DA:726,0
DA:727,0
DA:728,0
DA:729,0
DA:730,0
DA:731,0
DA:732,0
DA:733,0
DA:734,0
DA:736,0
DA:737,0
DA:738,0
DA:739,0
DA:740,0
DA:741,0
DA:742,0
DA:743,0
DA:744,0
DA:746,0
DA:747,0
DA:750,0
DA:751,0
DA:752,0
DA:754,0
DA:755,0
DA:758,0
DA:759,0
DA:761,0
DA:762,0
DA:763,0
DA:765,0
DA:766,0
DA:767,0
DA:768,0
DA:769,0
DA:772,0
DA:773,0
DA:775,0
DA:776,0
DA:779,0
DA:780,0
DA:781,0
DA:783,0
DA:784,0
DA:785,0
DA:787,0
DA:788,0
DA:791,0
DA:792,0
DA:793,0
DA:794,0
DA:795,0
DA:796,0
DA:797,0
DA:798,0
DA:799,0
DA:800,0
DA:801,0
DA:802,0
DA:804,0
DA:805,0
DA:806,0
DA:807,0
DA:808,0
DA:809,0
DA:810,0
DA:812,0
DA:813,0
DA:814,0
DA:817,0
DA:818,0
DA:819,0
DA:820,0
DA:821,0
DA:823,0
DA:825,0
DA:826,0
DA:827,0
DA:828,0
DA:829,0
DA:831,0
DA:833,0
DA:834,0
DA:838,0
DA:839,0
DA:840,0
DA:841,0
DA:842,0
DA:843,0
DA:844,0
BRF:0
BRH:0
LF:492
LH:0
end_of_record
SF:/Users/hl/Projects/private/bingo/crates/bingo-api/src/grpc/conversions.rs
FN:64,_RNCNvNtNtCsh21Ep08yPYI_9bingo_api4grpc11conversions13to_proto_fact0B7_
FN:87,_RNCNvNtNtCsh21Ep08yPYI_9bingo_api4grpc11conversions15from_proto_rule0B7_
FN:107,_RNCNvNtNtCsh21Ep08yPYI_9bingo_api4grpc11conversions20from_proto_condition0B7_
FN:56,_RNvNtNtCsh21Ep08yPYI_9bingo_api4grpc11conversions13to_proto_fact
FN:39,_RNvNtNtCsh21Ep08yPYI_9bingo_api4grpc11conversions14to_proto_value
FN:12,_RNvNtNtCsh21Ep08yPYI_9bingo_api4grpc11conversions15from_proto_fact
FN:70,_RNvNtNtCsh21Ep08yPYI_9bingo_api4grpc11conversions15from_proto_rule
FN:160,_RNvNtNtCsh21Ep08yPYI_9bingo_api4grpc11conversions15to_proto_result
FN:29,_RNvNtNtCsh21Ep08yPYI_9bingo_api4grpc11conversions16from_proto_value
FN:131,_RNvNtNtCsh21Ep08yPYI_9bingo_api4grpc11conversions17from_proto_action
FN:92,_RNvNtNtCsh21Ep08yPYI_9bingo_api4grpc11conversions20from_proto_condition
FN:187,_RNvNtNtCsh21Ep08yPYI_9bingo_api4grpc11conversions22to_proto_action_result
FNDA:0,_RNCNvNtNtCsh21Ep08yPYI_9bingo_api4grpc11conversions13to_proto_fact0B7_
FNDA:0,_RNCNvNtNtCsh21Ep08yPYI_9bingo_api4grpc11conversions15from_proto_rule0B7_
FNDA:0,_RNCNvNtNtCsh21Ep08yPYI_9bingo_api4grpc11conversions20from_proto_condition0B7_
FNDA:0,_RNvNtNtCsh21Ep08yPYI_9bingo_api4grpc11conversions13to_proto_fact
FNDA:0,_RNvNtNtCsh21Ep08yPYI_9bingo_api4grpc11conversions14to_proto_value
FNDA:0,_RNvNtNtCsh21Ep08yPYI_9bingo_api4grpc11conversions15from_proto_fact
FNDA:0,_RNvNtNtCsh21Ep08yPYI_9bingo_api4grpc11conversions15from_proto_rule
FNDA:0,_RNvNtNtCsh21Ep08yPYI_9bingo_api4grpc11conversions15to_proto_result
FNDA:0,_RNvNtNtCsh21Ep08yPYI_9bingo_api4grpc11conversions16from_proto_value
FNDA:0,_RNvNtNtCsh21Ep08yPYI_9bingo_api4grpc11conversions17from_proto_action
FNDA:0,_RNvNtNtCsh21Ep08yPYI_9bingo_api4grpc11conversions20from_proto_condition
FNDA:0,_RNvNtNtCsh21Ep08yPYI_9bingo_api4grpc11conversions22to_proto_action_result
FNF:12
FNH:0
DA:12,0
DA:13,0
DA:15,0
DA:16,0
DA:17,0
DA:20,0
DA:21,0
DA:22,0
DA:23,0
DA:24,0
DA:25,0
DA:26,0
DA:27,0
DA:29,0
DA:30,0
DA:31,0
DA:32,0
DA:33,0
DA:34,0
DA:35,0
DA:37,0
DA:39,0
DA:40,0
DA:41,0
DA:42,0
DA:43,0
DA:44,0
DA:45,0
DA:46,0
DA:49,0
DA:53,0
DA:54,0
DA:56,0
DA:57,0
DA:59,0
DA:60,0
DA:61,0
DA:64,0
DA:65,0
DA:66,0
DA:68,0
DA:70,0
DA:71,0
DA:72,0
DA:73,0
DA:74,0
DA:75,0
DA:77,0
DA:78,0
DA:79,0
DA:80,0
DA:81,0
DA:84,0
DA:85,0
DA:86,0
DA:87,0
DA:89,0
DA:90,0
DA:92,0
DA:93,0
DA:94,0
DA:95,0
DA:96,0
DA:97,0
DA:98,0
DA:99,0
DA:100,0
DA:101,0
DA:102,0
DA:103,0
DA:104,0
DA:107,0
DA:108,0
DA:110,0
DA:112,0
DA:113,0
DA:114,0
DA:115,0
DA:116,0
DA:119,0
DA:120,0
DA:121,0
DA:122,0
DA:123,0
DA:125,0
DA:127,0
DA:129,0
DA:131,0
DA:132,0
DA:133,0
DA:134,0
DA:135,0
DA:136,0
DA:139,0
DA:140,0
DA:141,0
DA:143,0
DA:144,0
DA:145,0
DA:146,0
DA:147,0
DA:148,0
DA:149,0
DA:150,0
DA:151,0
DA:152,0
DA:153,0
DA:154,0
DA:155,0
DA:156,0
DA:158,0
DA:160,0
DA:162,0
DA:163,0
DA:164,0
DA:165,0
DA:166,0
DA:168,0
DA:169,0
DA:170,0
DA:171,0
DA:172,0
DA:174,0
DA:175,0
DA:177,0
DA:178,0
DA:179,0
DA:180,0
DA:181,0
DA:182,0
DA:183,0
DA:184,0
DA:185,0
DA:187,0
DA:188,0
DA:189,0
DA:190,0
DA:191,0
DA:192,0
DA:193,0
DA:194,0
DA:195,0
DA:196,0
DA:197,0
DA:198,0
DA:199,0
DA:200,0
DA:201,0
DA:202,0
DA:203,0
DA:204,0
DA:205,0
DA:206,0
DA:207,0
DA:208,0
DA:209,0
DA:210,0
DA:211,0
DA:212,0
DA:213,0
DA:214,0
DA:215,0
DA:216,0
DA:217,0
DA:218,0
DA:219,0
DA:220,0
DA:221,0
DA:222,0
DA:223,0
DA:224,0
DA:225,0
DA:226,0
DA:227,0
DA:228,0
DA:229,0
DA:230,0
DA:231,0
DA:232,0
DA:233,0
DA:234,0
DA:235,0
DA:236,0
DA:237,0
DA:238,0
DA:239,0
DA:240,0
DA:241,0
DA:242,0
DA:243,0
DA:244,0
DA:245,0
DA:246,0
DA:247,0
DA:248,0
DA:249,0
DA:250,0
DA:251,0
DA:252,0
DA:253,0
DA:254,0
DA:255,0
DA:256,0
DA:257,0
DA:258,0
DA:261,0
DA:262,0
BRF:0
BRH:0
LF:210
LH:0
end_of_record
SF:/Users/hl/Projects/private/bingo/crates/bingo-api/src/grpc/service.rs
FN:212,_RNCNCNCNCNvXs_NtNtCsh21Ep08yPYI_9bingo_api4grpc7serviceNtBc_22RulesEngineServiceImplNtNtNtBg_9generated27rules_engine_service_server18RulesEngineService25process_with_rules_stream0s_000Bg_
FN:214,_RNCNCNCNCNvXs_NtNtCsh21Ep08yPYI_9bingo_api4grpc7serviceNtBc_22RulesEngineServiceImplNtNtNtBg_9generated27rules_engine_service_server18RulesEngineService25process_with_rules_stream0s_00s_0Bg_
FN:211,_RNCNCNCNvXs_NtNtCsh21Ep08yPYI_9bingo_api4grpc7serviceNtBa_22RulesEngineServiceImplNtNtNtBe_9generated27rules_engine_service_server18RulesEngineService25process_with_rules_stream0s_00Be_
FN:52,_RNCNCNvXs_NtNtCsh21Ep08yPYI_9bingo_api4grpc7serviceNtB8_22RulesEngineServiceImplNtNtNtBc_9generated27rules_engine_service_server18RulesEngineService13compile_rules00Bc_
FN:61,_RNCNCNvXs_NtNtCsh21Ep08yPYI_9bingo_api4grpc7serviceNtB8_22RulesEngineServiceImplNtNtNtBc_9generated27rules_engine_service_server18RulesEngineService13compile_rules0s0_0Bc_
FN:56,_RNCNCNvXs_NtNtCsh21Ep08yPYI_9bingo_api4grpc7serviceNtB8_22RulesEngineServiceImplNtNtNtBc_9generated27rules_engine_service_server18RulesEngineService13compile_rules0s_0Bc_
FN:335,_RNCNvXs_NtNtCsh21Ep08yPYI_9bingo_api4grpc7serviceNtB6_22RulesEngineServiceImplNtNtNtBa_9generated27rules_engine_service_server18RulesEngineService12health_check0Ba_
FN:30,_RNCNvXs_NtNtCsh21Ep08yPYI_9bingo_api4grpc7serviceNtB6_22RulesEngineServiceImplNtNtNtBa_9generated27rules_engine_service_server18RulesEngineService13compile_rules0Ba_
FN:327,_RNCNvXs_NtNtCsh21Ep08yPYI_9bingo_api4grpc7serviceNtB6_22RulesEngineServiceImplNtNtNtBa_9generated27rules_engine_service_server18RulesEngineService16register_ruleset0Ba_
FN:304,_RNCNvXs_NtNtCsh21Ep08yPYI_9bingo_api4grpc7serviceNtB6_22RulesEngineServiceImplNtNtNtBa_9generated27rules_engine_service_server18RulesEngineService19process_facts_batch0Ba_
FN:92,_RNCNvXs_NtNtCsh21Ep08yPYI_9bingo_api4grpc7serviceNtB6_22RulesEngineServiceImplNtNtNtBa_9generated27rules_engine_service_server18RulesEngineService20process_facts_stream0Ba_
FN:317,_RNCNvXs_NtNtCsh21Ep08yPYI_9bingo_api4grpc7serviceNtB6_22RulesEngineServiceImplNtNtNtBa_9generated27rules_engine_service_server18RulesEngineService23evaluate_ruleset_stream0Ba_
FN:174,_RNCNvXs_NtNtCsh21Ep08yPYI_9bingo_api4grpc7serviceNtB6_22RulesEngineServiceImplNtNtNtBa_9generated27rules_engine_service_server18RulesEngineService25process_with_rules_stream0Ba_
FN:19,_RNvMNtNtCsh21Ep08yPYI_9bingo_api4grpc7serviceNtB2_22RulesEngineServiceImpl3new
FN:335,_RNvXs_NtNtCsh21Ep08yPYI_9bingo_api4grpc7serviceNtB4_22RulesEngineServiceImplNtNtNtB8_9generated27rules_engine_service_server18RulesEngineService12health_check
FN:30,_RNvXs_NtNtCsh21Ep08yPYI_9bingo_api4grpc7serviceNtB4_22RulesEngineServiceImplNtNtNtB8_9generated27rules_engine_service_server18RulesEngineService13compile_rules
FN:327,_RNvXs_NtNtCsh21Ep08yPYI_9bingo_api4grpc7serviceNtB4_22RulesEngineServiceImplNtNtNtB8_9generated27rules_engine_service_server18RulesEngineService16register_ruleset
FN:304,_RNvXs_NtNtCsh21Ep08yPYI_9bingo_api4grpc7serviceNtB4_22RulesEngineServiceImplNtNtNtB8_9generated27rules_engine_service_server18RulesEngineService19process_facts_batch
FN:92,_RNvXs_NtNtCsh21Ep08yPYI_9bingo_api4grpc7serviceNtB4_22RulesEngineServiceImplNtNtNtB8_9generated27rules_engine_service_server18RulesEngineService20process_facts_stream
FN:317,_RNvXs_NtNtCsh21Ep08yPYI_9bingo_api4grpc7serviceNtB4_22RulesEngineServiceImplNtNtNtB8_9generated27rules_engine_service_server18RulesEngineService23evaluate_ruleset_stream
FN:174,_RNvXs_NtNtCsh21Ep08yPYI_9bingo_api4grpc7serviceNtB4_22RulesEngineServiceImplNtNtNtB8_9generated27rules_engine_service_server18RulesEngineService25process_with_rules_stream
FNDA:0,_RNCNCNCNCNvXs_NtNtCsh21Ep08yPYI_9bingo_api4grpc7serviceNtBc_22RulesEngineServiceImplNtNtNtBg_9generated27rules_engine_service_server18RulesEngineService25process_with_rules_stream0s_000Bg_
FNDA:0,_RNCNCNCNCNvXs_NtNtCsh21Ep08yPYI_9bingo_api4grpc7serviceNtBc_22RulesEngineServiceImplNtNtNtBg_9generated27rules_engine_service_server18RulesEngineService25process_with_rules_stream0s_00s_0Bg_
FNDA:0,_RNCNCNCNvXs_NtNtCsh21Ep08yPYI_9bingo_api4grpc7serviceNtBa_22RulesEngineServiceImplNtNtNtBe_9generated27rules_engine_service_server18RulesEngineService25process_with_rules_stream0s_00Be_
FNDA:0,_RNCNCNvXs_NtNtCsh21Ep08yPYI_9bingo_api4grpc7serviceNtB8_22RulesEngineServiceImplNtNtNtBc_9generated27rules_engine_service_server18RulesEngineService13compile_rules00Bc_
FNDA:0,_RNCNCNvXs_NtNtCsh21Ep08yPYI_9bingo_api4grpc7serviceNtB8_22RulesEngineServiceImplNtNtNtBc_9generated27rules_engine_service_server18RulesEngineService13compile_rules0s0_0Bc_
FNDA:0,_RNCNCNvXs_NtNtCsh21Ep08yPYI_9bingo_api4grpc7serviceNtB8_22RulesEngineServiceImplNtNtNtBc_9generated27rules_engine_service_server18RulesEngineService13compile_rules0s_0Bc_
FNDA:0,_RNCNvXs_NtNtCsh21Ep08yPYI_9bingo_api4grpc7serviceNtB6_22RulesEngineServiceImplNtNtNtBa_9generated27rules_engine_service_server18RulesEngineService12health_check0Ba_
FNDA:0,_RNCNvXs_NtNtCsh21Ep08yPYI_9bingo_api4grpc7serviceNtB6_22RulesEngineServiceImplNtNtNtBa_9generated27rules_engine_service_server18RulesEngineService13compile_rules0Ba_
FNDA:0,_RNCNvXs_NtNtCsh21Ep08yPYI_9bingo_api4grpc7serviceNtB6_22RulesEngineServiceImplNtNtNtBa_9generated27rules_engine_service_server18RulesEngineService16register_ruleset0Ba_
FNDA:0,_RNCNvXs_NtNtCsh21Ep08yPYI_9bingo_api4grpc7serviceNtB6_22RulesEngineServiceImplNtNtNtBa_9generated27rules_engine_service_server18RulesEngineService19process_facts_batch0Ba_
FNDA:0,_RNCNvXs_NtNtCsh21Ep08yPYI_9bingo_api4grpc7serviceNtB6_22RulesEngineServiceImplNtNtNtBa_9generated27rules_engine_service_server18RulesEngineService20process_facts_stream0Ba_
FNDA:0,_RNCNvXs_NtNtCsh21Ep08yPYI_9bingo_api4grpc7serviceNtB6_22RulesEngineServiceImplNtNtNtBa_9generated27rules_engine_service_server18RulesEngineService23evaluate_ruleset_stream0Ba_
FNDA:0,_RNCNvXs_NtNtCsh21Ep08yPYI_9bingo_api4grpc7serviceNtB6_22RulesEngineServiceImplNtNtNtBa_9generated27rules_engine_service_server18RulesEngineService25process_with_rules_stream0Ba_
FNDA:0,_RNvMNtNtCsh21Ep08yPYI_9bingo_api4grpc7serviceNtB2_22RulesEngineServiceImpl3new
FNDA:0,_RNvXs_NtNtCsh21Ep08yPYI_9bingo_api4grpc7serviceNtB4_22RulesEngineServiceImplNtNtNtB8_9generated27rules_engine_service_server18RulesEngineService12health_check
FNDA:0,_RNvXs_NtNtCsh21Ep08yPYI_9bingo_api4grpc7serviceNtB4_22RulesEngineServiceImplNtNtNtB8_9generated27rules_engine_service_server18RulesEngineService13compile_rules
FNDA:0,_RNvXs_NtNtCsh21Ep08yPYI_9bingo_api4grpc7serviceNtB4_22RulesEngineServiceImplNtNtNtB8_9generated27rules_engine_service_server18RulesEngineService16register_ruleset
FNDA:0,_RNvXs_NtNtCsh21Ep08yPYI_9bingo_api4grpc7serviceNtB4_22RulesEngineServiceImplNtNtNtB8_9generated27rules_engine_service_server18RulesEngineService19process_facts_batch
FNDA:0,_RNvXs_NtNtCsh21Ep08yPYI_9bingo_api4grpc7serviceNtB4_22RulesEngineServiceImplNtNtNtB8_9generated27rules_engine_service_server18RulesEngineService20process_facts_stream
FNDA:0,_RNvXs_NtNtCsh21Ep08yPYI_9bingo_api4grpc7serviceNtB4_22RulesEngineServiceImplNtNtNtB8_9generated27rules_engine_service_server18RulesEngineService23evaluate_ruleset_stream
FNDA:0,_RNvXs_NtNtCsh21Ep08yPYI_9bingo_api4grpc7serviceNtB4_22RulesEngineServiceImplNtNtNtB8_9generated27rules_engine_service_server18RulesEngineService25process_with_rules_stream
FNF:14
FNH:0
DA:19,0
DA:20,0
DA:21,0
DA:30,0
DA:31,0
DA:32,0
DA:33,0
DA:35,0
DA:38,0
DA:40,0
DA:41,0
DA:44,0
DA:47,0
DA:48,0
DA:49,0
DA:50,0
DA:51,0
DA:52,0
DA:55,0
DA:56,0
DA:59,0
DA:60,0
DA:61,0
DA:63,0
DA:64,0
DA:66,0
DA:68,0
DA:70,0
DA:71,0
DA:74,0
DA:75,0
DA:76,0
DA:77,0
DA:78,0
DA:79,0
DA:80,0
DA:81,0
DA:82,0
DA:83,0
DA:92,0
DA:93,0
DA:95,0
DA:164,0
DA:165,0
DA:174,0
DA:175,0
DA:176,0
DA:178,0
DA:180,0
DA:181,0
DA:183,0
DA:187,0
DA:188,0
DA:189,0
DA:190,0
DA:194,0
DA:211,0
DA:212,0
DA:213,0
DA:214,0
DA:215,0
DA:216,0
DA:217,0
DA:295,0
DA:296,0
DA:304,0
DA:306,0
DA:307,0
DA:308,0
DA:309,0
DA:317,0
DA:319,0
DA:320,0
DA:321,0
DA:322,0
DA:327,0
DA:329,0
DA:330,0
DA:335,0
DA:336,0
DA:337,0
DA:338,0
DA:339,0
DA:340,0
DA:341,0
BRF:0
BRH:0
LF:90
LH:0
end_of_record
SF:/Users/hl/Projects/private/bingo/crates/bingo-api/src/grpc_error_handler.rs
FN:590,_RNvNtNtCsh21Ep08yPYI_9bingo_api18grpc_error_handler5testss_21test_error_conversion
FN:604,_RNvNtNtCsh21Ep08yPYI_9bingo_api18grpc_error_handler5testss_29test_request_context_creation
FN:580,_RNvNtNtCsh21Ep08yPYI_9bingo_api18grpc_error_handler5testss_32test_grpc_error_handler_creation
FN:271,_RNCNvMs_NtCsh21Ep08yPYI_9bingo_api18grpc_error_handlerNtB6_16GrpcErrorHandler12handle_error0B8_
FN:349,_RNCNvMs_NtCsh21Ep08yPYI_9bingo_api18grpc_error_handlerNtB6_16GrpcErrorHandler21create_enhanced_error0B8_
FN:359,_RNCNvMs_NtCsh21Ep08yPYI_9bingo_api18grpc_error_handlerNtB6_16GrpcErrorHandler21create_enhanced_errors0_0B8_
FN:374,_RNCNvMs_NtCsh21Ep08yPYI_9bingo_api18grpc_error_handlerNtB6_16GrpcErrorHandler21create_enhanced_errors1_0B8_
FN:377,_RNCNvMs_NtCsh21Ep08yPYI_9bingo_api18grpc_error_handlerNtB6_16GrpcErrorHandler21create_enhanced_errors2_0B8_
FN:356,_RNCNvMs_NtCsh21Ep08yPYI_9bingo_api18grpc_error_handlerNtB6_16GrpcErrorHandler21create_enhanced_errors_0B8_
FN:313,_RNCNvMs_NtCsh21Ep08yPYI_9bingo_api18grpc_error_handlerNtB6_16GrpcErrorHandler22generate_error_message0B8_
FN:314,_RNCNvMs_NtCsh21Ep08yPYI_9bingo_api18grpc_error_handlerNtB6_16GrpcErrorHandler22generate_error_messages_0B8_
FN:440,_RNCNvMs_NtCsh21Ep08yPYI_9bingo_api18grpc_error_handlerNtB6_16GrpcErrorHandler9log_error0B8_
FN:441,_RNCNvMs_NtCsh21Ep08yPYI_9bingo_api18grpc_error_handlerNtB6_16GrpcErrorHandler9log_errors_0B8_
FN:262,_RNvMs_NtCsh21Ep08yPYI_9bingo_api18grpc_error_handlerNtB4_16GrpcErrorHandler12handle_error
FN:327,_RNvMs_NtCsh21Ep08yPYI_9bingo_api18grpc_error_handlerNtB4_16GrpcErrorHandler21create_enhanced_error
FN:484,_RNvMs_NtCsh21Ep08yPYI_9bingo_api18grpc_error_handlerNtB4_16GrpcErrorHandler22create_request_context
FN:302,_RNvMs_NtCsh21Ep08yPYI_9bingo_api18grpc_error_handlerNtB4_16GrpcErrorHandler22generate_error_message
FN:149,_RNvMs_NtCsh21Ep08yPYI_9bingo_api18grpc_error_handlerNtB4_16GrpcErrorHandler22setup_default_mappings
FN:397,_RNvMs_NtCsh21Ep08yPYI_9bingo_api18grpc_error_handlerNtB4_16GrpcErrorHandler23add_diagnostic_metadata
FN:138,_RNvMs_NtCsh21Ep08yPYI_9bingo_api18grpc_error_handlerNtB4_16GrpcErrorHandler3new
FN:433,_RNvMs_NtCsh21Ep08yPYI_9bingo_api18grpc_error_handlerNtB4_16GrpcErrorHandler9log_error
FN:124,_RNvXNtCsh21Ep08yPYI_9bingo_api18grpc_error_handlerNtB2_15GrpcErrorConfigNtNtCsd2KPTObkMr_4core7default7Default7default
FN:537,_RNCNvMs_NtCsh21Ep08yPYI_9bingo_api18grpc_error_handlerNtB6_16GrpcErrorHandler19get_error_analytics0B8_
FN:540,_RNCNvMs_NtCsh21Ep08yPYI_9bingo_api18grpc_error_handlerNtB6_16GrpcErrorHandler19get_error_analyticss_0B8_
FN:559,_RNCNvXININtCsh21Ep08yPYI_9bingo_api18grpc_error_handlers0_0pEINtNtCsd2KPTObkMr_4core6result6ResultpNtNtCs6Pl1wmeKPjF_10bingo_core5error10BingoErrorEINtB7_23BingoResultToGrpcStatuspE14to_grpc_status0B9_
FN:536,_RNvMs_NtCsh21Ep08yPYI_9bingo_api18grpc_error_handlerNtB4_16GrpcErrorHandler19get_error_analytics
FN:531,_RNvMs_NtCsh21Ep08yPYI_9bingo_api18grpc_error_handlerNtB4_16GrpcErrorHandler20update_error_mapping
FN:554,_RNvXININtCsh21Ep08yPYI_9bingo_api18grpc_error_handlers0_0pEINtNtCsd2KPTObkMr_4core6result6ResultpNtNtCs6Pl1wmeKPjF_10bingo_core5error10BingoErrorEINtB5_23BingoResultToGrpcStatuspE14to_grpc_statusB7_
FNDA:1,_RNvNtNtCsh21Ep08yPYI_9bingo_api18grpc_error_handler5testss_21test_error_conversion
FNDA:1,_RNvNtNtCsh21Ep08yPYI_9bingo_api18grpc_error_handler5testss_29test_request_context_creation
FNDA:1,_RNvNtNtCsh21Ep08yPYI_9bingo_api18grpc_error_handler5testss_32test_grpc_error_handler_creation
FNDA:0,_RNCNvMs_NtCsh21Ep08yPYI_9bingo_api18grpc_error_handlerNtB6_16GrpcErrorHandler12handle_error0B8_
FNDA:0,_RNCNvMs_NtCsh21Ep08yPYI_9bingo_api18grpc_error_handlerNtB6_16GrpcErrorHandler21create_enhanced_error0B8_
FNDA:1,_RNCNvMs_NtCsh21Ep08yPYI_9bingo_api18grpc_error_handlerNtB6_16GrpcErrorHandler21create_enhanced_errors0_0B8_
FNDA:2,_RNCNvMs_NtCsh21Ep08yPYI_9bingo_api18grpc_error_handlerNtB6_16GrpcErrorHandler21create_enhanced_errors1_0B8_
FNDA:2,_RNCNvMs_NtCsh21Ep08yPYI_9bingo_api18grpc_error_handlerNtB6_16GrpcErrorHandler21create_enhanced_errors2_0B8_
FNDA:1,_RNCNvMs_NtCsh21Ep08yPYI_9bingo_api18grpc_error_handlerNtB6_16GrpcErrorHandler21create_enhanced_errors_0B8_
FNDA:0,_RNCNvMs_NtCsh21Ep08yPYI_9bingo_api18grpc_error_handlerNtB6_16GrpcErrorHandler22generate_error_message0B8_
FNDA:0,_RNCNvMs_NtCsh21Ep08yPYI_9bingo_api18grpc_error_handlerNtB6_16GrpcErrorHandler22generate_error_messages_0B8_
FNDA:0,_RNCNvMs_NtCsh21Ep08yPYI_9bingo_api18grpc_error_handlerNtB6_16GrpcErrorHandler9log_error0B8_
FNDA:1,_RNCNvMs_NtCsh21Ep08yPYI_9bingo_api18grpc_error_handlerNtB6_16GrpcErrorHandler9log_errors_0B8_
FNDA:1,_RNvMs_NtCsh21Ep08yPYI_9bingo_api18grpc_error_handlerNtB4_16GrpcErrorHandler12handle_error
FNDA:1,_RNvMs_NtCsh21Ep08yPYI_9bingo_api18grpc_error_handlerNtB4_16GrpcErrorHandler21create_enhanced_error
FNDA:1,_RNvMs_NtCsh21Ep08yPYI_9bingo_api18grpc_error_handlerNtB4_16GrpcErrorHandler22create_request_context
FNDA:1,_RNvMs_NtCsh21Ep08yPYI_9bingo_api18grpc_error_handlerNtB4_16GrpcErrorHandler22generate_error_message
FNDA:2,_RNvMs_NtCsh21Ep08yPYI_9bingo_api18grpc_error_handlerNtB4_16GrpcErrorHandler22setup_default_mappings
FNDA:1,_RNvMs_NtCsh21Ep08yPYI_9bingo_api18grpc_error_handlerNtB4_16GrpcErrorHandler23add_diagnostic_metadata
FNDA:2,_RNvMs_NtCsh21Ep08yPYI_9bingo_api18grpc_error_handlerNtB4_16GrpcErrorHandler3new
FNDA:1,_RNvMs_NtCsh21Ep08yPYI_9bingo_api18grpc_error_handlerNtB4_16GrpcErrorHandler9log_error
FNDA:2,_RNvXNtCsh21Ep08yPYI_9bingo_api18grpc_error_handlerNtB2_15GrpcErrorConfigNtNtCsd2KPTObkMr_4core7default7Default7default
FNDA:0,_RNCNvMs_NtCsh21Ep08yPYI_9bingo_api18grpc_error_handlerNtB6_16GrpcErrorHandler19get_error_analytics0B8_
FNDA:0,_RNCNvMs_NtCsh21Ep08yPYI_9bingo_api18grpc_error_handlerNtB6_16GrpcErrorHandler19get_error_analyticss_0B8_
FNDA:0,_RNCNvXININtCsh21Ep08yPYI_9bingo_api18grpc_error_handlers0_0pEINtNtCsd2KPTObkMr_4core6result6ResultpNtNtCs6Pl1wmeKPjF_10bingo_core5error10BingoErrorEINtB7_23BingoResultToGrpcStatuspE14to_grpc_status0B9_
FNDA:0,_RNvMs_NtCsh21Ep08yPYI_9bingo_api18grpc_error_handlerNtB4_16GrpcErrorHandler19get_error_analytics
FNDA:0,_RNvMs_NtCsh21Ep08yPYI_9bingo_api18grpc_error_handlerNtB4_16GrpcErrorHandler20update_error_mapping
FNDA:0,_RNvXININtCsh21Ep08yPYI_9bingo_api18grpc_error_handlers0_0pEINtNtCsd2KPTObkMr_4core6result6ResultpNtNtCs6Pl1wmeKPjF_10bingo_core5error10BingoErrorEINtB5_23BingoResultToGrpcStatuspE14to_grpc_statusB7_
FNF:28
FNH:17
DA:124,2
DA:125,2
DA:126,2
DA:127,2
DA:128,2
DA:129,2
DA:130,2
DA:131,2
DA:132,2
DA:133,2
DA:138,2
DA:139,2
DA:140,2
DA:141,2
DA:142,2
DA:144,2
DA:145,2
DA:146,2
DA:149,2
DA:151,2
DA:152,2
DA:153,2
DA:154,2
DA:155,2
DA:156,2
DA:157,2
DA:158,2
DA:162,2
DA:163,2
DA:164,2
DA:165,2
DA:166,2
DA:167,2
DA:168,2
DA:169,2
DA:173,2
DA:174,2
DA:175,2
DA:176,2
DA:177,2
DA:178,2
DA:179,2
DA:180,2
DA:184,2
DA:185,2
DA:186,2
DA:187,2
DA:188,2
DA:189,2
DA:190,2
DA:191,2
DA:195,2
DA:196,2
DA:197,2
DA:198,2
DA:199,2
DA:200,2
DA:201,2
DA:202,2
DA:206,2
DA:207,2
DA:208,2
DA:209,2
DA:210,2
DA:211,2
DA:212,2
DA:213,2
DA:217,2
DA:218,2
DA:219,2
DA:220,2
DA:221,2
DA:222,2
DA:223,2
DA:224,2
DA:228,2
DA:229,2
DA:230,2
DA:231,2
DA:232,2
DA:233,2
DA:234,2
DA:235,2
DA:239,2
DA:240,2
DA:241,2
DA:242,2
DA:243,2
DA:244,2
DA:245,2
DA:246,2
DA:250,2
DA:251,2
DA:252,2
DA:253,2
DA:254,2
DA:255,2
DA:256,2
DA:257,2
DA:259,2
DA:262,1
DA:264,1
DA:265,1
DA:266,1
DA:270,1
DA:271,1
DA:273,0
DA:274,0
DA:275,0
DA:276,0
DA:277,0
DA:278,0
DA:279,0
DA:282,1
DA:285,1
DA:288,1
DA:291,1
DA:292,1
DA:293,1
DA:296,1
DA:298,1
DA:299,1
DA:302,1
DA:303,1
DA:304,1
DA:305,1
DA:306,1
DA:307,1
DA:308,1
DA:310,0
DA:311,0
DA:312,0
DA:313,0
DA:314,0
DA:318,1
DA:319,0
DA:320,0
DA:321,1
DA:323,1
DA:324,1
DA:327,1
DA:328,1
DA:329,1
DA:330,1
DA:331,1
DA:332,1
DA:335,1
DA:336,0
DA:337,1
DA:338,1
DA:339,0
DA:340,1
DA:341,1
DA:342,0
DA:343,1
DA:344,1
DA:345,0
DA:346,1
DA:349,1
DA:352,1
DA:353,1
DA:354,1
DA:355,1
DA:356,1
DA:357,1
DA:358,1
DA:359,1
DA:360,1
DA:361,1
DA:362,1
DA:363,1
DA:364,1
DA:365,1
DA:367,0
DA:371,1
DA:372,1
DA:373,1
DA:374,2
DA:375,1
DA:376,1
DA:377,2
DA:378,2
DA:379,2
DA:380,2
DA:381,1
DA:383,1
DA:384,1
DA:385,1
DA:386,1
DA:387,1
DA:388,1
DA:389,1
DA:390,1
DA:391,1
DA:392,1
DA:393,1
DA:394,1
DA:397,1
DA:399,1
DA:401,1
DA:402,1
DA:404,0
DA:407,1
DA:408,1
DA:409,1
DA:410,0
DA:413,1
DA:414,1
DA:415,1
DA:417,1
DA:418,1
DA:419,1
DA:421,1
DA:422,1
DA:423,1
DA:425,1
DA:426,0
DA:427,0
DA:428,0
DA:429,1
DA:430,1
DA:433,1
DA:434,1
DA:435,1
DA:436,1
DA:437,1
DA:438,1
DA:439,1
DA:440,1
DA:441,1
DA:443,1
DA:449,1
DA:454,0
DA:460,0
DA:465,0
DA:471,0
DA:476,0
DA:481,1
DA:484,1
DA:485,1
DA:486,1
DA:487,1
DA:488,1
DA:489,1
DA:490,1
DA:493,1
DA:494,0
DA:495,0
DA:496,0
DA:497,0
DA:498,0
DA:499,0
DA:500,0
DA:501,0
DA:503,0
DA:504,0
DA:505,0
DA:507,0
DA:509,0
DA:510,0
DA:511,0
DA:512,0
DA:517,1
DA:518,1
DA:519,1
DA:521,1
DA:522,1
DA:523,1
DA:524,1
DA:525,1
DA:526,1
DA:527,1
DA:528,1
DA:531,0
DA:532,0
DA:533,0
DA:536,0
DA:537,0
DA:538,0
DA:540,0
DA:541,0
DA:554,0
DA:555,0
DA:556,0
DA:557,0
DA:558,0
DA:559,0
DA:560,0
DA:580,1
DA:581,1
DA:582,1
DA:584,1
DA:586,1
DA:587,1
DA:590,1
DA:591,1
DA:592,1
DA:594,1
DA:596,1
DA:597,1
DA:599,1
DA:600,1
DA:601,1
DA:604,1
DA:605,1
DA:606,1
DA:608,1
DA:609,1
DA:610,1
BRF:0
BRH:0
LF:320
LH:252
end_of_record
SF:/Users/hl/Projects/private/bingo/crates/bingo-api/src/lib.rs
FN:44,_RNCNvMCsh21Ep08yPYI_9bingo_apiNtB4_8AppState3new0B4_
FN:44,_RNvMCsh21Ep08yPYI_9bingo_apiNtB2_8AppState3new
FN:50,_RNvMCsh21Ep08yPYI_9bingo_apiNtB2_8AppState7elapsed
FNDA:0,_RNCNvMCsh21Ep08yPYI_9bingo_apiNtB4_8AppState3new0B4_
FNDA:0,_RNvMCsh21Ep08yPYI_9bingo_apiNtB2_8AppState3new
FNDA:0,_RNvMCsh21Ep08yPYI_9bingo_apiNtB2_8AppState7elapsed
FNF:3
FNH:0
DA:44,0
DA:45,0
DA:47,0
DA:48,0
DA:50,0
DA:51,0
DA:52,0
BRF:0
BRH:0
LF:8
LH:0
end_of_record
SF:/Users/hl/Projects/private/bingo/crates/bingo-api/src/main.rs
FN:75,_RNCNCNvCscZ9aFEXryBA_5bingo17start_grpc_server00B5_
FN:50,_RNCNvCscZ9aFEXryBA_5bingo15explain_command0B3_
FN:73,_RNCNvCscZ9aFEXryBA_5bingo17start_grpc_server0B3_
FN:15,_RNCNvCscZ9aFEXryBA_5bingo4main0B3_
FN:62,_RNvCscZ9aFEXryBA_5bingo10print_help
FN:50,_RNvCscZ9aFEXryBA_5bingo15explain_command
FN:73,_RNvCscZ9aFEXryBA_5bingo17start_grpc_server
FN:15,_RNvCscZ9aFEXryBA_5bingo4main
FNDA:0,_RNCNCNvCscZ9aFEXryBA_5bingo17start_grpc_server00B5_
FNDA:0,_RNCNvCscZ9aFEXryBA_5bingo15explain_command0B3_
FNDA:0,_RNCNvCscZ9aFEXryBA_5bingo17start_grpc_server0B3_
FNDA:0,_RNCNvCscZ9aFEXryBA_5bingo4main0B3_
FNDA:0,_RNvCscZ9aFEXryBA_5bingo10print_help
FNDA:0,_RNvCscZ9aFEXryBA_5bingo15explain_command
FNDA:0,_RNvCscZ9aFEXryBA_5bingo17start_grpc_server
FNDA:0,_RNvCscZ9aFEXryBA_5bingo4main
FNF:8
FNH:0
DA:15,0
DA:17,0
DA:18,0
DA:20,0
DA:23,0
DA:27,0
DA:28,0
DA:29,0
DA:30,0
DA:31,0
DA:32,0
DA:33,0
DA:34,0
DA:35,0
DA:36,0
DA:37,0
DA:38,0
DA:39,0
DA:40,0
DA:41,0
DA:42,0
DA:43,0
DA:44,0
DA:45,0
DA:46,0
DA:47,0
DA:48,0
DA:50,0
DA:51,0
DA:52,0
DA:53,0
DA:54,0
DA:55,0
DA:56,0
DA:57,0
DA:58,0
DA:59,0
DA:60,0
DA:62,0
DA:63,0
DA:64,0
DA:65,0
DA:66,0
DA:67,0
DA:68,0
DA:69,0
DA:70,0
DA:71,0
DA:73,0
DA:75,0
DA:77,0
DA:80,0
DA:83,0
DA:85,0
DA:86,0
DA:87,0
DA:89,0
DA:90,0
DA:92,0
DA:95,0
DA:97,0
DA:98,0
BRF:0
BRH:0
LF:79
LH:0
end_of_record
SF:/Users/hl/Projects/private/bingo/crates/bingo-api/src/tracing_setup.rs
FN:35,_RNCNvMs_NtCsh21Ep08yPYI_9bingo_api13tracing_setupNtB6_13TracingConfig16from_environment0B8_
FN:39,_RNCNvMs_NtCsh21Ep08yPYI_9bingo_api13tracing_setupNtB6_13TracingConfig16from_environments0_0B8_
FN:37,_RNCNvMs_NtCsh21Ep08yPYI_9bingo_api13tracing_setupNtB6_13TracingConfig16from_environments_0B8_
FN:52,_RNCNvNtCsh21Ep08yPYI_9bingo_api13tracing_setup12init_tracing0B5_
FN:32,_RNvMs_NtCsh21Ep08yPYI_9bingo_api13tracing_setupNtB4_13TracingConfig16from_environment
FN:45,_RNvNtCsh21Ep08yPYI_9bingo_api13tracing_setup12init_tracing
FN:68,_RNvNtCsh21Ep08yPYI_9bingo_api13tracing_setup16shutdown_tracing
FN:21,_RNvXNtCsh21Ep08yPYI_9bingo_api13tracing_setupNtB2_13TracingConfigNtNtCsd2KPTObkMr_4core7default7Default7default
FNDA:0,_RNCNvMs_NtCsh21Ep08yPYI_9bingo_api13tracing_setupNtB6_13TracingConfig16from_environment0B8_
FNDA:0,_RNCNvMs_NtCsh21Ep08yPYI_9bingo_api13tracing_setupNtB6_13TracingConfig16from_environments0_0B8_
FNDA:0,_RNCNvMs_NtCsh21Ep08yPYI_9bingo_api13tracing_setupNtB6_13TracingConfig16from_environments_0B8_
FNDA:0,_RNCNvNtCsh21Ep08yPYI_9bingo_api13tracing_setup12init_tracing0B5_
FNDA:0,_RNvMs_NtCsh21Ep08yPYI_9bingo_api13tracing_setupNtB4_13TracingConfig16from_environment
FNDA:0,_RNvNtCsh21Ep08yPYI_9bingo_api13tracing_setup12init_tracing
FNDA:0,_RNvNtCsh21Ep08yPYI_9bingo_api13tracing_setup16shutdown_tracing
FNDA:0,_RNvXNtCsh21Ep08yPYI_9bingo_api13tracing_setupNtB2_13TracingConfigNtNtCsd2KPTObkMr_4core7default7Default7default
FNF:8
FNH:0
DA:21,0
DA:22,0
DA:23,0
DA:24,0
DA:25,0
DA:26,0
DA:27,0
DA:32,0
DA:34,0
DA:35,0
DA:36,0
DA:37,0
DA:38,0
DA:39,0
DA:41,0
DA:45,0
DA:46,0
DA:49,0
DA:50,0
DA:51,0
DA:52,0
DA:54,0
DA:55,0
DA:57,0
DA:61,0
DA:64,0
DA:65,0
DA:68,0
DA:69,0
DA:70,0
BRF:0
BRH:0
LF:34
LH:0
end_of_record
SF:/Users/hl/Projects/private/bingo/crates/bingo-calculator/src/built_in/add.rs
FN:23,_RNvXNtNtCs6Gf3xPIjPY5_16bingo_calculator8built_in3addNtB2_13AddCalculatorNtNtB6_6plugin16CalculatorPlugin4name
FN:27,_RNvXNtNtCs6Gf3xPIjPY5_16bingo_calculator8built_in3addNtB2_13AddCalculatorNtNtB6_6plugin16CalculatorPlugin9calculate
FN:23,_RNvXNtNtCskKeWLi2yIol_16bingo_calculator8built_in3addNtB2_13AddCalculatorNtNtB6_6plugin16CalculatorPlugin4name
FN:27,_RNvXNtNtCskKeWLi2yIol_16bingo_calculator8built_in3addNtB2_13AddCalculatorNtNtB6_6plugin16CalculatorPlugin9calculate
FNDA:8,_RNvXNtNtCs6Gf3xPIjPY5_16bingo_calculator8built_in3addNtB2_13AddCalculatorNtNtB6_6plugin16CalculatorPlugin4name
FNDA:0,_RNvXNtNtCs6Gf3xPIjPY5_16bingo_calculator8built_in3addNtB2_13AddCalculatorNtNtB6_6plugin16CalculatorPlugin9calculate
FNDA:0,_RNvXNtNtCskKeWLi2yIol_16bingo_calculator8built_in3addNtB2_13AddCalculatorNtNtB6_6plugin16CalculatorPlugin4name
FNDA:0,_RNvXNtNtCskKeWLi2yIol_16bingo_calculator8built_in3addNtB2_13AddCalculatorNtNtB6_6plugin16CalculatorPlugin9calculate
FNF:2
FNH:1
DA:23,8
DA:24,8
DA:25,8
DA:27,0
DA:28,0
DA:29,0
DA:30,0
DA:31,0
DA:33,0
DA:34,0
DA:35,0
DA:36,0
DA:38,0
DA:39,0
BRF:0
BRH:0
LF:14
LH:3
end_of_record
SF:/Users/hl/Projects/private/bingo/crates/bingo-calculator/src/built_in/multiply.rs
FN:23,_RNvXNtNtCs6Gf3xPIjPY5_16bingo_calculator8built_in8multiplyNtB2_18MultiplyCalculatorNtNtB6_6plugin16CalculatorPlugin4name
FN:27,_RNvXNtNtCs6Gf3xPIjPY5_16bingo_calculator8built_in8multiplyNtB2_18MultiplyCalculatorNtNtB6_6plugin16CalculatorPlugin9calculate
FN:23,_RNvXNtNtCskKeWLi2yIol_16bingo_calculator8built_in8multiplyNtB2_18MultiplyCalculatorNtNtB6_6plugin16CalculatorPlugin4name
FN:27,_RNvXNtNtCskKeWLi2yIol_16bingo_calculator8built_in8multiplyNtB2_18MultiplyCalculatorNtNtB6_6plugin16CalculatorPlugin9calculate
FNDA:8,_RNvXNtNtCs6Gf3xPIjPY5_16bingo_calculator8built_in8multiplyNtB2_18MultiplyCalculatorNtNtB6_6plugin16CalculatorPlugin4name
FNDA:0,_RNvXNtNtCs6Gf3xPIjPY5_16bingo_calculator8built_in8multiplyNtB2_18MultiplyCalculatorNtNtB6_6plugin16CalculatorPlugin9calculate
FNDA:0,_RNvXNtNtCskKeWLi2yIol_16bingo_calculator8built_in8multiplyNtB2_18MultiplyCalculatorNtNtB6_6plugin16CalculatorPlugin4name
FNDA:0,_RNvXNtNtCskKeWLi2yIol_16bingo_calculator8built_in8multiplyNtB2_18MultiplyCalculatorNtNtB6_6plugin16CalculatorPlugin9calculate
FNF:2
FNH:1
DA:23,8
DA:24,8
DA:25,8
DA:27,0
DA:28,0
DA:29,0
DA:30,0
DA:31,0
DA:33,0
DA:34,0
DA:35,0
DA:36,0
DA:38,0
DA:39,0
BRF:0
BRH:0
LF:14
LH:3
end_of_record
SF:/Users/hl/Projects/private/bingo/crates/bingo-calculator/src/built_in/percentage_add.rs
FN:24,_RNvXNtNtCs6Gf3xPIjPY5_16bingo_calculator8built_in14percentage_addNtB2_23PercentageAddCalculatorNtNtB6_6plugin16CalculatorPlugin4name
FN:28,_RNvXNtNtCs6Gf3xPIjPY5_16bingo_calculator8built_in14percentage_addNtB2_23PercentageAddCalculatorNtNtB6_6plugin16CalculatorPlugin9calculate
FN:24,_RNvXNtNtCskKeWLi2yIol_16bingo_calculator8built_in14percentage_addNtB2_23PercentageAddCalculatorNtNtB6_6plugin16CalculatorPlugin4name
FN:28,_RNvXNtNtCskKeWLi2yIol_16bingo_calculator8built_in14percentage_addNtB2_23PercentageAddCalculatorNtNtB6_6plugin16CalculatorPlugin9calculate
FNDA:8,_RNvXNtNtCs6Gf3xPIjPY5_16bingo_calculator8built_in14percentage_addNtB2_23PercentageAddCalculatorNtNtB6_6plugin16CalculatorPlugin4name
FNDA:0,_RNvXNtNtCs6Gf3xPIjPY5_16bingo_calculator8built_in14percentage_addNtB2_23PercentageAddCalculatorNtNtB6_6plugin16CalculatorPlugin9calculate
FNDA:0,_RNvXNtNtCskKeWLi2yIol_16bingo_calculator8built_in14percentage_addNtB2_23PercentageAddCalculatorNtNtB6_6plugin16CalculatorPlugin4name
FNDA:0,_RNvXNtNtCskKeWLi2yIol_16bingo_calculator8built_in14percentage_addNtB2_23PercentageAddCalculatorNtNtB6_6plugin16CalculatorPlugin9calculate
FNF:2
FNH:1
DA:24,8
DA:25,8
DA:26,8
DA:28,0
DA:29,0
DA:30,0
DA:31,0
DA:32,0
DA:34,0
DA:35,0
DA:36,0
DA:37,0
DA:39,0
DA:40,0
DA:41,0
BRF:0
BRH:0
LF:15
LH:3
end_of_record
SF:/Users/hl/Projects/private/bingo/crates/bingo-calculator/src/built_in/percentage_deduct.rs
FN:24,_RNvXNtNtCs6Gf3xPIjPY5_16bingo_calculator8built_in17percentage_deductNtB2_26PercentageDeductCalculatorNtNtB6_6plugin16CalculatorPlugin4name
FN:28,_RNvXNtNtCs6Gf3xPIjPY5_16bingo_calculator8built_in17percentage_deductNtB2_26PercentageDeductCalculatorNtNtB6_6plugin16CalculatorPlugin9calculate
FN:24,_RNvXNtNtCskKeWLi2yIol_16bingo_calculator8built_in17percentage_deductNtB2_26PercentageDeductCalculatorNtNtB6_6plugin16CalculatorPlugin4name
FN:28,_RNvXNtNtCskKeWLi2yIol_16bingo_calculator8built_in17percentage_deductNtB2_26PercentageDeductCalculatorNtNtB6_6plugin16CalculatorPlugin9calculate
FNDA:8,_RNvXNtNtCs6Gf3xPIjPY5_16bingo_calculator8built_in17percentage_deductNtB2_26PercentageDeductCalculatorNtNtB6_6plugin16CalculatorPlugin4name
FNDA:0,_RNvXNtNtCs6Gf3xPIjPY5_16bingo_calculator8built_in17percentage_deductNtB2_26PercentageDeductCalculatorNtNtB6_6plugin16CalculatorPlugin9calculate
FNDA:0,_RNvXNtNtCskKeWLi2yIol_16bingo_calculator8built_in17percentage_deductNtB2_26PercentageDeductCalculatorNtNtB6_6plugin16CalculatorPlugin4name
FNDA:0,_RNvXNtNtCskKeWLi2yIol_16bingo_calculator8built_in17percentage_deductNtB2_26PercentageDeductCalculatorNtNtB6_6plugin16CalculatorPlugin9calculate
FNF:2
FNH:1
DA:24,8
DA:25,8
DA:26,8
DA:28,0
DA:29,0
DA:30,0
DA:31,0
DA:32,0
DA:34,0
DA:35,0
DA:36,0
DA:37,0
DA:39,0
DA:40,0
DA:41,0
BRF:0
BRH:0
LF:15
LH:3
end_of_record
SF:/Users/hl/Projects/private/bingo/crates/bingo-calculator/src/built_in/proportional_allocator.rs
FN:16,_RNvXNtNtCs6Gf3xPIjPY5_16bingo_calculator8built_in22proportional_allocatorNtB2_31ProportionalAllocatorCalculatorNtNtB6_6plugin16CalculatorPlugin4name
FN:20,_RNvXNtNtCs6Gf3xPIjPY5_16bingo_calculator8built_in22proportional_allocatorNtB2_31ProportionalAllocatorCalculatorNtNtB6_6plugin16CalculatorPlugin9calculate
FN:16,_RNvXNtNtCskKeWLi2yIol_16bingo_calculator8built_in22proportional_allocatorNtB2_31ProportionalAllocatorCalculatorNtNtB6_6plugin16CalculatorPlugin4name
FN:20,_RNvXNtNtCskKeWLi2yIol_16bingo_calculator8built_in22proportional_allocatorNtB2_31ProportionalAllocatorCalculatorNtNtB6_6plugin16CalculatorPlugin9calculate
FNDA:8,_RNvXNtNtCs6Gf3xPIjPY5_16bingo_calculator8built_in22proportional_allocatorNtB2_31ProportionalAllocatorCalculatorNtNtB6_6plugin16CalculatorPlugin4name
FNDA:0,_RNvXNtNtCs6Gf3xPIjPY5_16bingo_calculator8built_in22proportional_allocatorNtB2_31ProportionalAllocatorCalculatorNtNtB6_6plugin16CalculatorPlugin9calculate
FNDA:0,_RNvXNtNtCskKeWLi2yIol_16bingo_calculator8built_in22proportional_allocatorNtB2_31ProportionalAllocatorCalculatorNtNtB6_6plugin16CalculatorPlugin4name
FNDA:0,_RNvXNtNtCskKeWLi2yIol_16bingo_calculator8built_in22proportional_allocatorNtB2_31ProportionalAllocatorCalculatorNtNtB6_6plugin16CalculatorPlugin9calculate
FNF:2
FNH:1
DA:16,8
DA:17,8
DA:18,8
DA:20,0
DA:21,0
DA:22,0
DA:23,0
DA:24,0
DA:26,0
DA:27,0
DA:28,0
DA:29,0
DA:31,0
DA:32,0
DA:33,0
DA:34,0
DA:38,0
DA:39,0
DA:40,0
DA:45,0
DA:46,0
DA:47,0
BRF:0
BRH:0
LF:22
LH:3
end_of_record
SF:/Users/hl/Projects/private/bingo/crates/bingo-calculator/src/built_in/time_between_datetime.rs
FN:17,_RNCNvNtNtCs6Gf3xPIjPY5_16bingo_calculator8built_in21time_between_datetime14parse_datetime0B7_
FN:14,_RNvNtNtCs6Gf3xPIjPY5_16bingo_calculator8built_in21time_between_datetime14parse_datetime
FN:27,_RNvXNtNtCs6Gf3xPIjPY5_16bingo_calculator8built_in21time_between_datetimeNtB2_29TimeBetweenDatetimeCalculatorNtNtB6_6plugin16CalculatorPlugin4name
FN:31,_RNvXNtNtCs6Gf3xPIjPY5_16bingo_calculator8built_in21time_between_datetimeNtB2_29TimeBetweenDatetimeCalculatorNtNtB6_6plugin16CalculatorPlugin9calculate
FN:17,_RNCNvNtNtCskKeWLi2yIol_16bingo_calculator8built_in21time_between_datetime14parse_datetime0B7_
FN:14,_RNvNtNtCskKeWLi2yIol_16bingo_calculator8built_in21time_between_datetime14parse_datetime
FN:27,_RNvXNtNtCskKeWLi2yIol_16bingo_calculator8built_in21time_between_datetimeNtB2_29TimeBetweenDatetimeCalculatorNtNtB6_6plugin16CalculatorPlugin4name
FN:31,_RNvXNtNtCskKeWLi2yIol_16bingo_calculator8built_in21time_between_datetimeNtB2_29TimeBetweenDatetimeCalculatorNtNtB6_6plugin16CalculatorPlugin9calculate
FNDA:0,_RNCNvNtNtCs6Gf3xPIjPY5_16bingo_calculator8built_in21time_between_datetime14parse_datetime0B7_
FNDA:0,_RNvNtNtCs6Gf3xPIjPY5_16bingo_calculator8built_in21time_between_datetime14parse_datetime
FNDA:8,_RNvXNtNtCs6Gf3xPIjPY5_16bingo_calculator8built_in21time_between_datetimeNtB2_29TimeBetweenDatetimeCalculatorNtNtB6_6plugin16CalculatorPlugin4name
FNDA:0,_RNvXNtNtCs6Gf3xPIjPY5_16bingo_calculator8built_in21time_between_datetimeNtB2_29TimeBetweenDatetimeCalculatorNtNtB6_6plugin16CalculatorPlugin9calculate
FNDA:0,_RNCNvNtNtCskKeWLi2yIol_16bingo_calculator8built_in21time_between_datetime14parse_datetime0B7_
FNDA:0,_RNvNtNtCskKeWLi2yIol_16bingo_calculator8built_in21time_between_datetime14parse_datetime
FNDA:0,_RNvXNtNtCskKeWLi2yIol_16bingo_calculator8built_in21time_between_datetimeNtB2_29TimeBetweenDatetimeCalculatorNtNtB6_6plugin16CalculatorPlugin4name
FNDA:0,_RNvXNtNtCskKeWLi2yIol_16bingo_calculator8built_in21time_between_datetimeNtB2_29TimeBetweenDatetimeCalculatorNtNtB6_6plugin16CalculatorPlugin9calculate
FNF:4
FNH:1
DA:14,0
DA:15,0
DA:16,0
DA:17,0
DA:18,0
DA:19,0
DA:21,0
DA:27,8
DA:28,8
DA:29,8
DA:31,0
DA:32,0
DA:33,0
DA:34,0
DA:37,0
DA:38,0
DA:39,0
DA:42,0
DA:43,0
DA:44,0
DA:45,0
DA:48,0
DA:50,0
DA:51,0
DA:52,0
DA:53,0
DA:56,0
DA:57,0
BRF:0
BRH:0
LF:29
LH:3
end_of_record
SF:/Users/hl/Projects/private/bingo/crates/bingo-calculator/src/built_in/weighted_average.rs
FN:26,_RNvMNtNtCskKeWLi2yIol_16bingo_calculator8built_in16weighted_averageNtB2_25WeightedAverageCalculator3new
FN:32,_RNvXs_NtNtCskKeWLi2yIol_16bingo_calculator8built_in16weighted_averageNtB4_25WeightedAverageCalculatorNtNtB8_6plugin16CalculatorPlugin4name
FN:36,_RNvXs_NtNtCskKeWLi2yIol_16bingo_calculator8built_in16weighted_averageNtB4_25WeightedAverageCalculatorNtNtB8_6plugin16CalculatorPlugin9calculate
FNDA:0,_RNvMNtNtCskKeWLi2yIol_16bingo_calculator8built_in16weighted_averageNtB2_25WeightedAverageCalculator3new
FNDA:0,_RNvXs_NtNtCskKeWLi2yIol_16bingo_calculator8built_in16weighted_averageNtB4_25WeightedAverageCalculatorNtNtB8_6plugin16CalculatorPlugin4name
FNDA:0,_RNvXs_NtNtCskKeWLi2yIol_16bingo_calculator8built_in16weighted_averageNtB4_25WeightedAverageCalculatorNtNtB8_6plugin16CalculatorPlugin9calculate
FNF:3
FNH:0
DA:26,0
DA:27,0
DA:28,0
DA:32,0
DA:33,0
DA:34,0
DA:36,0
DA:37,0
DA:38,0
DA:39,0
DA:42,0
DA:43,0
DA:44,0
DA:47,0
DA:48,0
DA:51,0
DA:52,0
DA:54,0
DA:55,0
DA:56,0
DA:57,0
DA:61,0
DA:62,0
DA:63,0
DA:64,0
DA:68,0
DA:70,0
DA:72,0
DA:77,0
DA:79,0
DA:82,0
DA:84,0
DA:85,0
BRF:0
BRH:0
LF:33
LH:0
end_of_record
SF:/Users/hl/Projects/private/bingo/crates/bingo-calculator/src/calculator.rs
FN:22,_RNvMs_NtCs6Gf3xPIjPY5_16bingo_calculator10calculatorNtB4_10Calculator3new
FN:33,_RNvMs_NtCs6Gf3xPIjPY5_16bingo_calculator10calculatorNtB4_10Calculator9calculate
FN:16,_RNvXNtCs6Gf3xPIjPY5_16bingo_calculator10calculatorNtB2_10CalculatorNtNtCsd2KPTObkMr_4core7default7Default7default
FN:22,_RNvMs_NtCskKeWLi2yIol_16bingo_calculator10calculatorNtB4_10Calculator3new
FN:33,_RNvMs_NtCskKeWLi2yIol_16bingo_calculator10calculatorNtB4_10Calculator9calculate
FN:16,_RNvXNtCskKeWLi2yIol_16bingo_calculator10calculatorNtB2_10CalculatorNtNtCsd2KPTObkMr_4core7default7Default7default
FNDA:8,_RNvMs_NtCs6Gf3xPIjPY5_16bingo_calculator10calculatorNtB4_10Calculator3new
FNDA:0,_RNvMs_NtCs6Gf3xPIjPY5_16bingo_calculator10calculatorNtB4_10Calculator9calculate
FNDA:0,_RNvXNtCs6Gf3xPIjPY5_16bingo_calculator10calculatorNtB2_10CalculatorNtNtCsd2KPTObkMr_4core7default7Default7default
FNDA:0,_RNvMs_NtCskKeWLi2yIol_16bingo_calculator10calculatorNtB4_10Calculator3new
FNDA:0,_RNvMs_NtCskKeWLi2yIol_16bingo_calculator10calculatorNtB4_10Calculator9calculate
FNDA:0,_RNvXNtCskKeWLi2yIol_16bingo_calculator10calculatorNtB2_10CalculatorNtNtCsd2KPTObkMr_4core7default7Default7default
FNF:3
FNH:1
DA:16,0
DA:17,0
DA:18,0
DA:22,8
DA:23,8
DA:24,8
DA:25,8
DA:26,8
DA:27,8
DA:28,8
DA:29,8
DA:30,8
DA:31,8
DA:33,0
DA:34,0
DA:35,0
DA:36,0
DA:37,0
DA:38,0
DA:39,0
DA:41,0
DA:43,0
BRF:0
BRH:0
LF:22
LH:10
end_of_record
SF:/Users/hl/Projects/private/bingo/crates/bingo-calculator/src/limit_validator.rs
FN:10,_RNvXNtCskKeWLi2yIol_16bingo_calculator15limit_validatorNtB2_23LimitValidateCalculatorNtNtB4_6plugin16CalculatorPlugin4name
FN:14,_RNvXNtCskKeWLi2yIol_16bingo_calculator15limit_validatorNtB2_23LimitValidateCalculatorNtNtB4_6plugin16CalculatorPlugin9calculate
FNDA:0,_RNvXNtCskKeWLi2yIol_16bingo_calculator15limit_validatorNtB2_23LimitValidateCalculatorNtNtB4_6plugin16CalculatorPlugin4name
FNDA:0,_RNvXNtCskKeWLi2yIol_16bingo_calculator15limit_validatorNtB2_23LimitValidateCalculatorNtNtB4_6plugin16CalculatorPlugin9calculate
FNF:2
FNH:0
DA:10,0
DA:11,0
DA:12,0
DA:14,0
DA:15,0
DA:16,0
DA:17,0
DA:18,0
DA:20,0
DA:21,0
DA:22,0
DA:23,0
DA:25,0
DA:26,0
DA:27,0
DA:28,0
DA:31,0
DA:32,0
DA:34,0
DA:36,0
BRF:0
BRH:0
LF:20
LH:0
end_of_record
SF:/Users/hl/Projects/private/bingo/crates/bingo-calculator/src/plugin_manager.rs
FN:23,_RNvMs_NtCs6Gf3xPIjPY5_16bingo_calculator14plugin_managerNtB4_13PluginManager3get
FN:15,_RNvMs_NtCs6Gf3xPIjPY5_16bingo_calculator14plugin_managerNtB4_13PluginManager3new
FN:19,_RNvMs_NtCs6Gf3xPIjPY5_16bingo_calculator14plugin_managerNtB4_13PluginManager8register
FN:9,_RNvXNtCs6Gf3xPIjPY5_16bingo_calculator14plugin_managerNtB2_13PluginManagerNtNtCsd2KPTObkMr_4core7default7Default7default
FN:24,_RNCNvMs_NtCs6Gf3xPIjPY5_16bingo_calculator14plugin_managerNtB6_13PluginManager3get0B8_
FN:24,_RNCNvMs_NtCskKeWLi2yIol_16bingo_calculator14plugin_managerNtB6_13PluginManager3get0B8_
FN:23,_RNvMs_NtCskKeWLi2yIol_16bingo_calculator14plugin_managerNtB4_13PluginManager3get
FN:15,_RNvMs_NtCskKeWLi2yIol_16bingo_calculator14plugin_managerNtB4_13PluginManager3new
FN:19,_RNvMs_NtCskKeWLi2yIol_16bingo_calculator14plugin_managerNtB4_13PluginManager8register
FN:9,_RNvXNtCskKeWLi2yIol_16bingo_calculator14plugin_managerNtB2_13PluginManagerNtNtCsd2KPTObkMr_4core7default7Default7default
FNDA:0,_RNvMs_NtCs6Gf3xPIjPY5_16bingo_calculator14plugin_managerNtB4_13PluginManager3get
FNDA:8,_RNvMs_NtCs6Gf3xPIjPY5_16bingo_calculator14plugin_managerNtB4_13PluginManager3new
FNDA:48,_RNvMs_NtCs6Gf3xPIjPY5_16bingo_calculator14plugin_managerNtB4_13PluginManager8register
FNDA:0,_RNvXNtCs6Gf3xPIjPY5_16bingo_calculator14plugin_managerNtB2_13PluginManagerNtNtCsd2KPTObkMr_4core7default7Default7default
FNDA:0,_RNCNvMs_NtCs6Gf3xPIjPY5_16bingo_calculator14plugin_managerNtB6_13PluginManager3get0B8_
FNDA:0,_RNCNvMs_NtCskKeWLi2yIol_16bingo_calculator14plugin_managerNtB6_13PluginManager3get0B8_
FNDA:0,_RNvMs_NtCskKeWLi2yIol_16bingo_calculator14plugin_managerNtB4_13PluginManager3get
FNDA:0,_RNvMs_NtCskKeWLi2yIol_16bingo_calculator14plugin_managerNtB4_13PluginManager3new
FNDA:0,_RNvMs_NtCskKeWLi2yIol_16bingo_calculator14plugin_managerNtB4_13PluginManager8register
FNDA:0,_RNvXNtCskKeWLi2yIol_16bingo_calculator14plugin_managerNtB2_13PluginManagerNtNtCsd2KPTObkMr_4core7default7Default7default
FNF:5
FNH:2
DA:9,0
DA:10,0
DA:11,0
DA:15,8
DA:16,8
DA:17,8
DA:19,48
DA:20,48
DA:21,48
DA:23,0
DA:24,0
DA:25,0
BRF:0
BRH:0
LF:13
LH:6
end_of_record
SF:/Users/hl/Projects/private/bingo/crates/bingo-calculator/src/threshold_check.rs
FN:10,_RNvXNtCskKeWLi2yIol_16bingo_calculator15threshold_checkNtB2_24ThresholdCheckCalculatorNtNtB4_6plugin16CalculatorPlugin4name
FN:14,_RNvXNtCskKeWLi2yIol_16bingo_calculator15threshold_checkNtB2_24ThresholdCheckCalculatorNtNtB4_6plugin16CalculatorPlugin9calculate
FNDA:0,_RNvXNtCskKeWLi2yIol_16bingo_calculator15threshold_checkNtB2_24ThresholdCheckCalculatorNtNtB4_6plugin16CalculatorPlugin4name
FNDA:0,_RNvXNtCskKeWLi2yIol_16bingo_calculator15threshold_checkNtB2_24ThresholdCheckCalculatorNtNtB4_6plugin16CalculatorPlugin9calculate
FNF:2
FNH:0
DA:10,0
DA:11,0
DA:12,0
DA:14,0
DA:15,0
DA:16,0
DA:17,0
DA:18,0
DA:20,0
DA:21,0
DA:22,0
DA:23,0
DA:26,0
DA:27,0
DA:29,0
DA:31,0
BRF:0
BRH:0
LF:16
LH:0
end_of_record
SF:/Users/hl/Projects/private/bingo/crates/bingo-core/src/aggregation.rs
FN:177,_RNCNCNvMNtCs6Pl1wmeKPjF_10bingo_core11aggregationNtB6_14FactAggregator17apply_aggregation00B8_
FN:45,_RNCNvMNtCs6Pl1wmeKPjF_10bingo_core11aggregationNtB4_14FactAggregator15aggregate_facts0B6_
FN:169,_RNCNvMNtCs6Pl1wmeKPjF_10bingo_core11aggregationNtB4_14FactAggregator17apply_aggregation0B6_
FN:209,_RNCNvMNtCs6Pl1wmeKPjF_10bingo_core11aggregationNtB4_14FactAggregator17apply_aggregations0_0B6_
FN:218,_RNCNvMNtCs6Pl1wmeKPjF_10bingo_core11aggregationNtB4_14FactAggregator17apply_aggregations1_0B6_
FN:225,_RNCNvMNtCs6Pl1wmeKPjF_10bingo_core11aggregationNtB4_14FactAggregator17apply_aggregations2_0B6_
FN:204,_RNCNvMNtCs6Pl1wmeKPjF_10bingo_core11aggregationNtB4_14FactAggregator17apply_aggregations_0B6_
FN:260,_RNCNvMNtCs6Pl1wmeKPjF_10bingo_core11aggregationNtB4_14FactAggregator18evaluate_condition0B6_
FN:263,_RNCNvMNtCs6Pl1wmeKPjF_10bingo_core11aggregationNtB4_14FactAggregator18evaluate_conditions_0B6_
FN:332,_RNvMNtCs6Pl1wmeKPjF_10bingo_core11aggregationNtB2_14FactAggregator11clear_cache
FN:99,_RNvMNtCs6Pl1wmeKPjF_10bingo_core11aggregationNtB2_14FactAggregator11group_facts
FN:29,_RNvMNtCs6Pl1wmeKPjF_10bingo_core11aggregationNtB2_14FactAggregator15aggregate_facts
FN:156,_RNvMNtCs6Pl1wmeKPjF_10bingo_core11aggregationNtB2_14FactAggregator17apply_aggregation
FN:249,_RNvMNtCs6Pl1wmeKPjF_10bingo_core11aggregationNtB2_14FactAggregator18evaluate_condition
FN:119,_RNvMNtCs6Pl1wmeKPjF_10bingo_core11aggregationNtB2_14FactAggregator18generate_group_key
FN:237,_RNvMNtCs6Pl1wmeKPjF_10bingo_core11aggregationNtB2_14FactAggregator21extract_numeric_value
FN:283,_RNvMNtCs6Pl1wmeKPjF_10bingo_core11aggregationNtB2_14FactAggregator25evaluate_simple_condition
FN:23,_RNvMNtCs6Pl1wmeKPjF_10bingo_core11aggregationNtB2_14FactAggregator3new
FN:375,_RNvMs0_NtCs6Pl1wmeKPjF_10bingo_core11aggregationNtB5_17AggregationResult7to_fact
FN:338,_RNvXs_NtCs6Pl1wmeKPjF_10bingo_core11aggregationNtB4_14FactAggregatorNtNtCsd2KPTObkMr_4core7default7Default7default
FN:452,_RNCNvNtNtCscF0MZJB4Qop_10bingo_core11aggregation5testss_22test_basic_aggregation0B7_
FN:332,_RNvMNtCscF0MZJB4Qop_10bingo_core11aggregationNtB2_14FactAggregator11clear_cache
FN:375,_RNvMs0_NtCscF0MZJB4Qop_10bingo_core11aggregationNtB5_17AggregationResult7to_fact
FN:338,_RNvXs_NtCscF0MZJB4Qop_10bingo_core11aggregationNtB4_14FactAggregatorNtNtCsd2KPTObkMr_4core7default7Default7default
FN:414,_RNvNtNtCscF0MZJB4Qop_10bingo_core11aggregation5tests16create_test_fact
FN:430,_RNvNtNtCscF0MZJB4Qop_10bingo_core11aggregation5testss_22test_basic_aggregation
FN:459,_RNvNtNtCscF0MZJB4Qop_10bingo_core11aggregation5testss_25test_filtered_aggregation
FN:99,_RNvMNtCscF0MZJB4Qop_10bingo_core11aggregationNtB2_14FactAggregator11group_facts
FN:29,_RNvMNtCscF0MZJB4Qop_10bingo_core11aggregationNtB2_14FactAggregator15aggregate_facts
FN:156,_RNvMNtCscF0MZJB4Qop_10bingo_core11aggregationNtB2_14FactAggregator17apply_aggregation
FN:249,_RNvMNtCscF0MZJB4Qop_10bingo_core11aggregationNtB2_14FactAggregator18evaluate_condition
FN:119,_RNvMNtCscF0MZJB4Qop_10bingo_core11aggregationNtB2_14FactAggregator18generate_group_key
FN:237,_RNvMNtCscF0MZJB4Qop_10bingo_core11aggregationNtB2_14FactAggregator21extract_numeric_value
FN:283,_RNvMNtCscF0MZJB4Qop_10bingo_core11aggregationNtB2_14FactAggregator25evaluate_simple_condition
FN:23,_RNvMNtCscF0MZJB4Qop_10bingo_core11aggregationNtB2_14FactAggregator3new
FN:177,_RNCNCNvMNtCscF0MZJB4Qop_10bingo_core11aggregationNtB6_14FactAggregator17apply_aggregation00B8_
FN:45,_RNCNvMNtCscF0MZJB4Qop_10bingo_core11aggregationNtB4_14FactAggregator15aggregate_facts0B6_
FN:169,_RNCNvMNtCscF0MZJB4Qop_10bingo_core11aggregationNtB4_14FactAggregator17apply_aggregation0B6_
FN:209,_RNCNvMNtCscF0MZJB4Qop_10bingo_core11aggregationNtB4_14FactAggregator17apply_aggregations0_0B6_
FN:218,_RNCNvMNtCscF0MZJB4Qop_10bingo_core11aggregationNtB4_14FactAggregator17apply_aggregations1_0B6_
FN:225,_RNCNvMNtCscF0MZJB4Qop_10bingo_core11aggregationNtB4_14FactAggregator17apply_aggregations2_0B6_
FN:204,_RNCNvMNtCscF0MZJB4Qop_10bingo_core11aggregationNtB4_14FactAggregator17apply_aggregations_0B6_
FN:260,_RNCNvMNtCscF0MZJB4Qop_10bingo_core11aggregationNtB4_14FactAggregator18evaluate_condition0B6_
FN:263,_RNCNvMNtCscF0MZJB4Qop_10bingo_core11aggregationNtB4_14FactAggregator18evaluate_conditions_0B6_
FNDA:0,_RNCNCNvMNtCs6Pl1wmeKPjF_10bingo_core11aggregationNtB6_14FactAggregator17apply_aggregation00B8_
FNDA:0,_RNCNvMNtCs6Pl1wmeKPjF_10bingo_core11aggregationNtB4_14FactAggregator15aggregate_facts0B6_
FNDA:0,_RNCNvMNtCs6Pl1wmeKPjF_10bingo_core11aggregationNtB4_14FactAggregator17apply_aggregation0B6_
FNDA:0,_RNCNvMNtCs6Pl1wmeKPjF_10bingo_core11aggregationNtB4_14FactAggregator17apply_aggregations0_0B6_
FNDA:0,_RNCNvMNtCs6Pl1wmeKPjF_10bingo_core11aggregationNtB4_14FactAggregator17apply_aggregations1_0B6_
FNDA:0,_RNCNvMNtCs6Pl1wmeKPjF_10bingo_core11aggregationNtB4_14FactAggregator17apply_aggregations2_0B6_
FNDA:0,_RNCNvMNtCs6Pl1wmeKPjF_10bingo_core11aggregationNtB4_14FactAggregator17apply_aggregations_0B6_
FNDA:0,_RNCNvMNtCs6Pl1wmeKPjF_10bingo_core11aggregationNtB4_14FactAggregator18evaluate_condition0B6_
FNDA:0,_RNCNvMNtCs6Pl1wmeKPjF_10bingo_core11aggregationNtB4_14FactAggregator18evaluate_conditions_0B6_
FNDA:0,_RNvMNtCs6Pl1wmeKPjF_10bingo_core11aggregationNtB2_14FactAggregator11clear_cache
FNDA:0,_RNvMNtCs6Pl1wmeKPjF_10bingo_core11aggregationNtB2_14FactAggregator11group_facts
FNDA:0,_RNvMNtCs6Pl1wmeKPjF_10bingo_core11aggregationNtB2_14FactAggregator15aggregate_facts
FNDA:0,_RNvMNtCs6Pl1wmeKPjF_10bingo_core11aggregationNtB2_14FactAggregator17apply_aggregation
FNDA:0,_RNvMNtCs6Pl1wmeKPjF_10bingo_core11aggregationNtB2_14FactAggregator18evaluate_condition
FNDA:0,_RNvMNtCs6Pl1wmeKPjF_10bingo_core11aggregationNtB2_14FactAggregator18generate_group_key
FNDA:0,_RNvMNtCs6Pl1wmeKPjF_10bingo_core11aggregationNtB2_14FactAggregator21extract_numeric_value
FNDA:0,_RNvMNtCs6Pl1wmeKPjF_10bingo_core11aggregationNtB2_14FactAggregator25evaluate_simple_condition
FNDA:0,_RNvMNtCs6Pl1wmeKPjF_10bingo_core11aggregationNtB2_14FactAggregator3new
FNDA:0,_RNvMs0_NtCs6Pl1wmeKPjF_10bingo_core11aggregationNtB5_17AggregationResult7to_fact
FNDA:0,_RNvXs_NtCs6Pl1wmeKPjF_10bingo_core11aggregationNtB4_14FactAggregatorNtNtCsd2KPTObkMr_4core7default7Default7default
FNDA:2,_RNCNvNtNtCscF0MZJB4Qop_10bingo_core11aggregation5testss_22test_basic_aggregation0B7_
FNDA:0,_RNvMNtCscF0MZJB4Qop_10bingo_core11aggregationNtB2_14FactAggregator11clear_cache
FNDA:0,_RNvMs0_NtCscF0MZJB4Qop_10bingo_core11aggregationNtB5_17AggregationResult7to_fact
FNDA:0,_RNvXs_NtCscF0MZJB4Qop_10bingo_core11aggregationNtB4_14FactAggregatorNtNtCsd2KPTObkMr_4core7default7Default7default
FNDA:6,_RNvNtNtCscF0MZJB4Qop_10bingo_core11aggregation5tests16create_test_fact
FNDA:1,_RNvNtNtCscF0MZJB4Qop_10bingo_core11aggregation5testss_22test_basic_aggregation
FNDA:1,_RNvNtNtCscF0MZJB4Qop_10bingo_core11aggregation5testss_25test_filtered_aggregation
FNDA:2,_RNvMNtCscF0MZJB4Qop_10bingo_core11aggregationNtB2_14FactAggregator11group_facts
FNDA:2,_RNvMNtCscF0MZJB4Qop_10bingo_core11aggregationNtB2_14FactAggregator15aggregate_facts
FNDA:4,_RNvMNtCscF0MZJB4Qop_10bingo_core11aggregationNtB2_14FactAggregator17apply_aggregation
FNDA:3,_RNvMNtCscF0MZJB4Qop_10bingo_core11aggregationNtB2_14FactAggregator18evaluate_condition
FNDA:6,_RNvMNtCscF0MZJB4Qop_10bingo_core11aggregationNtB2_14FactAggregator18generate_group_key
FNDA:6,_RNvMNtCscF0MZJB4Qop_10bingo_core11aggregationNtB2_14FactAggregator21extract_numeric_value
FNDA:3,_RNvMNtCscF0MZJB4Qop_10bingo_core11aggregationNtB2_14FactAggregator25evaluate_simple_condition
FNDA:2,_RNvMNtCscF0MZJB4Qop_10bingo_core11aggregationNtB2_14FactAggregator3new
FNDA:6,_RNCNCNvMNtCscF0MZJB4Qop_10bingo_core11aggregationNtB6_14FactAggregator17apply_aggregation00B8_
FNDA:3,_RNCNvMNtCscF0MZJB4Qop_10bingo_core11aggregationNtB4_14FactAggregator15aggregate_facts0B6_
FNDA:6,_RNCNvMNtCscF0MZJB4Qop_10bingo_core11aggregationNtB4_14FactAggregator17apply_aggregation0B6_
FNDA:0,_RNCNvMNtCscF0MZJB4Qop_10bingo_core11aggregationNtB4_14FactAggregator17apply_aggregations0_0B6_
FNDA:0,_RNCNvMNtCscF0MZJB4Qop_10bingo_core11aggregationNtB4_14FactAggregator17apply_aggregations1_0B6_
FNDA:0,_RNCNvMNtCscF0MZJB4Qop_10bingo_core11aggregationNtB4_14FactAggregator17apply_aggregations2_0B6_
FNDA:0,_RNCNvMNtCscF0MZJB4Qop_10bingo_core11aggregationNtB4_14FactAggregator17apply_aggregations_0B6_
FNDA:0,_RNCNvMNtCscF0MZJB4Qop_10bingo_core11aggregationNtB4_14FactAggregator18evaluate_condition0B6_
FNDA:0,_RNCNvMNtCscF0MZJB4Qop_10bingo_core11aggregationNtB4_14FactAggregator18evaluate_conditions_0B6_
FNF:24
FNH:15
DA:23,2
DA:24,2
DA:25,2
DA:29,2
DA:30,2
DA:31,2
DA:32,2
DA:33,2
DA:34,2
DA:35,0
DA:36,0
DA:38,0
DA:42,2
DA:43,1
DA:44,1
DA:45,3
DA:46,1
DA:48,1
DA:52,2
DA:55,2
DA:56,6
DA:57,4
DA:58,4
DA:59,4
DA:60,4
DA:61,0
DA:63,4
DA:64,4
DA:65,4
DA:66,4
DA:67,4
DA:68,4
DA:69,4
DA:71,4
DA:74,2
DA:75,0
DA:76,0
DA:77,0
DA:80,2
DA:81,2
DA:99,2
DA:100,2
DA:101,2
DA:102,2
DA:103,2
DA:104,2
DA:107,8
DA:109,6
DA:112,6
DA:115,2
DA:116,2
DA:119,6
DA:120,6
DA:122,12
DA:123,6
DA:124,6
DA:126,0
DA:127,6
DA:130,6
DA:131,6
DA:156,4
DA:157,4
DA:158,4
DA:159,4
DA:160,4
DA:161,4
DA:162,4
DA:163,0
DA:164,4
DA:167,4
DA:168,4
DA:169,6
DA:170,6
DA:171,6
DA:172,6
DA:173,6
DA:174,6
DA:177,6
DA:178,6
DA:179,4
DA:181,4
DA:183,4
DA:184,0
DA:185,4
DA:188,4
DA:191,4
DA:195,0
DA:199,0
DA:200,0
DA:204,0
DA:205,0
DA:209,0
DA:210,0
DA:215,0
DA:217,0
DA:218,0
DA:220,0
DA:222,0
DA:224,0
DA:225,0
DA:228,0
DA:229,0
DA:233,4
DA:234,4
DA:237,6
DA:238,6
DA:239,0
DA:240,6
DA:241,0
DA:242,0
DA:244,0
DA:246,6
DA:249,3
DA:250,3
DA:251,3
DA:252,3
DA:253,3
DA:254,3
DA:256,0
DA:259,0
DA:260,0
DA:261,0
DA:262,0
DA:263,0
DA:264,0
DA:265,0
DA:268,0
DA:269,0
DA:271,0
DA:277,0
DA:280,3
DA:283,3
DA:284,3
DA:285,3
DA:286,3
DA:287,3
DA:288,3
DA:289,3
DA:290,3
DA:291,0
DA:293,0
DA:296,0
DA:299,0
DA:300,0
DA:301,0
DA:304,0
DA:305,0
DA:309,0
DA:310,0
DA:311,0
DA:316,0
DA:317,0
DA:318,0
DA:323,0
DA:324,0
DA:325,0
DA:329,3
DA:332,0
DA:333,0
DA:334,0
DA:338,0
DA:339,0
DA:340,0
DA:375,0
DA:376,0
DA:379,0
DA:382,0
DA:383,0
DA:384,0
DA:386,0
DA:387,0
DA:388,0
DA:390,0
DA:391,0
DA:392,0
DA:394,0
DA:395,0
DA:396,0
DA:399,0
DA:400,0
DA:401,0
DA:402,0
DA:403,0
DA:404,0
DA:405,0
DA:406,0
DA:414,6
DA:415,6
DA:416,6
DA:417,6
DA:418,6
DA:420,6
DA:421,6
DA:422,6
DA:423,6
DA:426,6
DA:427,6
DA:430,1
DA:431,1
DA:433,1
DA:434,1
DA:435,1
DA:436,1
DA:439,1
DA:440,1
DA:441,1
DA:442,1
DA:443,1
DA:444,1
DA:445,1
DA:447,1
DA:449,1
DA:452,2
DA:454,1
DA:455,1
DA:456,1
DA:459,1
DA:460,1
DA:462,1
DA:463,1
DA:464,1
DA:465,1
DA:469,1
DA:470,1
DA:471,1
DA:472,1
DA:473,1
DA:475,1
DA:476,1
DA:477,1
DA:478,1
DA:479,1
DA:480,1
DA:481,1
DA:483,1
DA:485,1
DA:486,1
BRF:0
BRH:0
LF:247
LH:153
end_of_record
SF:/Users/hl/Projects/private/bingo/crates/bingo-core/src/alpha_memory.rs
FN:66,_RNvMNtCs6Pl1wmeKPjF_10bingo_core12alpha_memoryNtB2_11FactPattern12matches_fact
FN:75,_RNvMNtCs6Pl1wmeKPjF_10bingo_core12alpha_memoryNtB2_11FactPattern13matches_value
FN:44,_RNvMNtCs6Pl1wmeKPjF_10bingo_core12alpha_memoryNtB2_11FactPattern14from_condition
FN:61,_RNvMNtCs6Pl1wmeKPjF_10bingo_core12alpha_memoryNtB2_11FactPattern6to_key
FN:451,_RNvMs0_NtCs6Pl1wmeKPjF_10bingo_core12alpha_memoryNtB5_18AlphaMemoryManager14get_statistics
FN:395,_RNvMs0_NtCs6Pl1wmeKPjF_10bingo_core12alpha_memoryNtB5_18AlphaMemoryManager16get_alpha_memory
FN:381,_RNvMs0_NtCs6Pl1wmeKPjF_10bingo_core12alpha_memoryNtB5_18AlphaMemoryManager20process_fact_removal
FN:465,_RNvMs0_NtCs6Pl1wmeKPjF_10bingo_core12alpha_memoryNtB5_18AlphaMemoryManager21estimate_memory_usage
FN:312,_RNvMs0_NtCs6Pl1wmeKPjF_10bingo_core12alpha_memoryNtB5_18AlphaMemoryManager21process_fact_addition
FN:545,_RNvMs0_NtCs6Pl1wmeKPjF_10bingo_core12alpha_memoryNtB5_18AlphaMemoryManager22get_optimization_stats
FN:422,_RNvMs0_NtCs6Pl1wmeKPjF_10bingo_core12alpha_memoryNtB5_18AlphaMemoryManager23cleanup_unused_memories
FN:401,_RNvMs0_NtCs6Pl1wmeKPjF_10bingo_core12alpha_memoryNtB5_18AlphaMemoryManager23get_alpha_memory_by_key
FN:489,_RNvMs0_NtCs6Pl1wmeKPjF_10bingo_core12alpha_memoryNtB5_18AlphaMemoryManager24add_to_optimized_indexes
FN:415,_RNvMs0_NtCs6Pl1wmeKPjF_10bingo_core12alpha_memoryNtB5_18AlphaMemoryManager24register_rule_dependency
FN:286,_RNvMs0_NtCs6Pl1wmeKPjF_10bingo_core12alpha_memoryNtB5_18AlphaMemoryManager26get_or_create_alpha_memory
FN:534,_RNvMs0_NtCs6Pl1wmeKPjF_10bingo_core12alpha_memoryNtB5_18AlphaMemoryManager27get_pattern_frequency_stats
FN:406,_RNvMs0_NtCs6Pl1wmeKPjF_10bingo_core12alpha_memoryNtB5_18AlphaMemoryManager28get_alpha_memories_for_field
FN:271,_RNvMs0_NtCs6Pl1wmeKPjF_10bingo_core12alpha_memoryNtB5_18AlphaMemoryManager3new
FN:188,_RNvMs_NtCs6Pl1wmeKPjF_10bingo_core12alpha_memoryNtB4_11AlphaMemory11remove_fact
FN:208,_RNvMs_NtCs6Pl1wmeKPjF_10bingo_core12alpha_memoryNtB4_11AlphaMemory18add_dependent_rule
FN:197,_RNvMs_NtCs6Pl1wmeKPjF_10bingo_core12alpha_memoryNtB4_11AlphaMemory18get_matching_facts
FN:166,_RNvMs_NtCs6Pl1wmeKPjF_10bingo_core12alpha_memoryNtB4_11AlphaMemory3new
FN:203,_RNvMs_NtCs6Pl1wmeKPjF_10bingo_core12alpha_memoryNtB4_11AlphaMemory5count
FN:179,_RNvMs_NtCs6Pl1wmeKPjF_10bingo_core12alpha_memoryNtB4_11AlphaMemory8add_fact
FN:218,_RNvMs_NtCs6Pl1wmeKPjF_10bingo_core12alpha_memoryNtB4_11AlphaMemory9get_stats
FN:213,_RNvMs_NtCs6Pl1wmeKPjF_10bingo_core12alpha_memoryNtB4_11AlphaMemory9is_needed
FN:584,_RNvXs1_NtCs6Pl1wmeKPjF_10bingo_core12alpha_memoryNtB5_18AlphaMemoryManagerNtNtCsd2KPTObkMr_4core7default7Default7default
FN:611,_RNvXs2_NtCs6Pl1wmeKPjF_10bingo_core12alpha_memoryNtB5_23AlphaMemoryManagerStatsNtNtCsd2KPTObkMr_4core3fmt7Display3fmt
FN:549,_RNCNCNvMs0_NtCs6Pl1wmeKPjF_10bingo_core12alpha_memoryNtB9_18AlphaMemoryManager22get_optimization_stats00Bb_
FN:556,_RNCNCNvMs0_NtCs6Pl1wmeKPjF_10bingo_core12alpha_memoryNtB9_18AlphaMemoryManager22get_optimization_statss_00Bb_
FN:120,_RNCNvMNtCs6Pl1wmeKPjF_10bingo_core12alpha_memoryNtB4_11FactPattern13matches_value0B6_
FN:453,_RNCNvMs0_NtCs6Pl1wmeKPjF_10bingo_core12alpha_memoryNtB7_18AlphaMemoryManager14get_statistics0B9_
FN:482,_RNCNvMs0_NtCs6Pl1wmeKPjF_10bingo_core12alpha_memoryNtB7_18AlphaMemoryManager21estimate_memory_usage0B9_
FN:549,_RNCNvMs0_NtCs6Pl1wmeKPjF_10bingo_core12alpha_memoryNtB7_18AlphaMemoryManager22get_optimization_stats0B9_
FN:555,_RNCNvMs0_NtCs6Pl1wmeKPjF_10bingo_core12alpha_memoryNtB7_18AlphaMemoryManager22get_optimization_statss_0B9_
FN:437,_RNCNvMs0_NtCs6Pl1wmeKPjF_10bingo_core12alpha_memoryNtB7_18AlphaMemoryManager23cleanup_unused_memories0B9_
FN:510,_RNCNvMs0_NtCs6Pl1wmeKPjF_10bingo_core12alpha_memoryNtB7_18AlphaMemoryManager24add_to_optimized_indexes0B9_
FN:538,_RNCNvMs0_NtCs6Pl1wmeKPjF_10bingo_core12alpha_memoryNtB7_18AlphaMemoryManager27get_pattern_frequency_stats0B9_
FN:540,_RNCNvMs0_NtCs6Pl1wmeKPjF_10bingo_core12alpha_memoryNtB7_18AlphaMemoryManager27get_pattern_frequency_statss_0B9_
FN:408,_RNCNvMs0_NtCs6Pl1wmeKPjF_10bingo_core12alpha_memoryNtB7_18AlphaMemoryManager28get_alpha_memories_for_field0B9_
FN:626,_RNCNvXs2_NtCs6Pl1wmeKPjF_10bingo_core12alpha_memoryNtB7_23AlphaMemoryManagerStatsNtNtCsd2KPTObkMr_4core3fmt7Display3fmt0B9_
FN:549,_RNCNCNvMs0_NtCscF0MZJB4Qop_10bingo_core12alpha_memoryNtB9_18AlphaMemoryManager22get_optimization_stats00Bb_
FN:556,_RNCNCNvMs0_NtCscF0MZJB4Qop_10bingo_core12alpha_memoryNtB9_18AlphaMemoryManager22get_optimization_statss_00Bb_
FN:482,_RNCNvMs0_NtCscF0MZJB4Qop_10bingo_core12alpha_memoryNtB7_18AlphaMemoryManager21estimate_memory_usage0B9_
FN:549,_RNCNvMs0_NtCscF0MZJB4Qop_10bingo_core12alpha_memoryNtB7_18AlphaMemoryManager22get_optimization_stats0B9_
FN:555,_RNCNvMs0_NtCscF0MZJB4Qop_10bingo_core12alpha_memoryNtB7_18AlphaMemoryManager22get_optimization_statss_0B9_
FN:538,_RNCNvMs0_NtCscF0MZJB4Qop_10bingo_core12alpha_memoryNtB7_18AlphaMemoryManager27get_pattern_frequency_stats0B9_
FN:540,_RNCNvMs0_NtCscF0MZJB4Qop_10bingo_core12alpha_memoryNtB7_18AlphaMemoryManager27get_pattern_frequency_statss_0B9_
FN:408,_RNCNvMs0_NtCscF0MZJB4Qop_10bingo_core12alpha_memoryNtB7_18AlphaMemoryManager28get_alpha_memories_for_field0B9_
FN:626,_RNCNvXs2_NtCscF0MZJB4Qop_10bingo_core12alpha_memoryNtB7_23AlphaMemoryManagerStatsNtNtCsd2KPTObkMr_4core3fmt7Display3fmt0B9_
FN:381,_RNvMs0_NtCscF0MZJB4Qop_10bingo_core12alpha_memoryNtB5_18AlphaMemoryManager20process_fact_removal
FN:465,_RNvMs0_NtCscF0MZJB4Qop_10bingo_core12alpha_memoryNtB5_18AlphaMemoryManager21estimate_memory_usage
FN:545,_RNvMs0_NtCscF0MZJB4Qop_10bingo_core12alpha_memoryNtB5_18AlphaMemoryManager22get_optimization_stats
FN:415,_RNvMs0_NtCscF0MZJB4Qop_10bingo_core12alpha_memoryNtB5_18AlphaMemoryManager24register_rule_dependency
FN:534,_RNvMs0_NtCscF0MZJB4Qop_10bingo_core12alpha_memoryNtB5_18AlphaMemoryManager27get_pattern_frequency_stats
FN:406,_RNvMs0_NtCscF0MZJB4Qop_10bingo_core12alpha_memoryNtB5_18AlphaMemoryManager28get_alpha_memories_for_field
FN:197,_RNvMs_NtCscF0MZJB4Qop_10bingo_core12alpha_memoryNtB4_11AlphaMemory18get_matching_facts
FN:584,_RNvXs1_NtCscF0MZJB4Qop_10bingo_core12alpha_memoryNtB5_18AlphaMemoryManagerNtNtCsd2KPTObkMr_4core7default7Default7default
FN:611,_RNvXs2_NtCscF0MZJB4Qop_10bingo_core12alpha_memoryNtB5_23AlphaMemoryManagerStatsNtNtCsd2KPTObkMr_4core3fmt7Display3fmt
FN:648,_RNvNtNtCscF0MZJB4Qop_10bingo_core12alpha_memory5tests16create_test_fact
FN:676,_RNvNtNtCscF0MZJB4Qop_10bingo_core12alpha_memory5testss_21test_pattern_matching
FN:757,_RNvNtNtCscF0MZJB4Qop_10bingo_core12alpha_memory5testss_25test_alpha_memory_cleanup
FN:712,_RNvNtNtCscF0MZJB4Qop_10bingo_core12alpha_memory5testss_25test_alpha_memory_manager
FN:662,_RNvNtNtCscF0MZJB4Qop_10bingo_core12alpha_memory5testss_26test_fact_pattern_creation
FN:743,_RNvNtNtCscF0MZJB4Qop_10bingo_core12alpha_memory5testss_27test_pattern_key_generation
FN:691,_RNvNtNtCscF0MZJB4Qop_10bingo_core12alpha_memory5testss_34test_alpha_memory_basic_operations
FN:120,_RNCNvMNtCscF0MZJB4Qop_10bingo_core12alpha_memoryNtB4_11FactPattern13matches_value0B6_
FN:453,_RNCNvMs0_NtCscF0MZJB4Qop_10bingo_core12alpha_memoryNtB7_18AlphaMemoryManager14get_statistics0B9_
FN:437,_RNCNvMs0_NtCscF0MZJB4Qop_10bingo_core12alpha_memoryNtB7_18AlphaMemoryManager23cleanup_unused_memories0B9_
FN:510,_RNCNvMs0_NtCscF0MZJB4Qop_10bingo_core12alpha_memoryNtB7_18AlphaMemoryManager24add_to_optimized_indexes0B9_
FN:66,_RNvMNtCscF0MZJB4Qop_10bingo_core12alpha_memoryNtB2_11FactPattern12matches_fact
FN:75,_RNvMNtCscF0MZJB4Qop_10bingo_core12alpha_memoryNtB2_11FactPattern13matches_value
FN:44,_RNvMNtCscF0MZJB4Qop_10bingo_core12alpha_memoryNtB2_11FactPattern14from_condition
FN:61,_RNvMNtCscF0MZJB4Qop_10bingo_core12alpha_memoryNtB2_11FactPattern6to_key
FN:451,_RNvMs0_NtCscF0MZJB4Qop_10bingo_core12alpha_memoryNtB5_18AlphaMemoryManager14get_statistics
FN:395,_RNvMs0_NtCscF0MZJB4Qop_10bingo_core12alpha_memoryNtB5_18AlphaMemoryManager16get_alpha_memory
FN:312,_RNvMs0_NtCscF0MZJB4Qop_10bingo_core12alpha_memoryNtB5_18AlphaMemoryManager21process_fact_addition
FN:422,_RNvMs0_NtCscF0MZJB4Qop_10bingo_core12alpha_memoryNtB5_18AlphaMemoryManager23cleanup_unused_memories
FN:401,_RNvMs0_NtCscF0MZJB4Qop_10bingo_core12alpha_memoryNtB5_18AlphaMemoryManager23get_alpha_memory_by_key
FN:489,_RNvMs0_NtCscF0MZJB4Qop_10bingo_core12alpha_memoryNtB5_18AlphaMemoryManager24add_to_optimized_indexes
FN:286,_RNvMs0_NtCscF0MZJB4Qop_10bingo_core12alpha_memoryNtB5_18AlphaMemoryManager26get_or_create_alpha_memory
FN:271,_RNvMs0_NtCscF0MZJB4Qop_10bingo_core12alpha_memoryNtB5_18AlphaMemoryManager3new
FN:188,_RNvMs_NtCscF0MZJB4Qop_10bingo_core12alpha_memoryNtB4_11AlphaMemory11remove_fact
FN:208,_RNvMs_NtCscF0MZJB4Qop_10bingo_core12alpha_memoryNtB4_11AlphaMemory18add_dependent_rule
FN:166,_RNvMs_NtCscF0MZJB4Qop_10bingo_core12alpha_memoryNtB4_11AlphaMemory3new
FN:203,_RNvMs_NtCscF0MZJB4Qop_10bingo_core12alpha_memoryNtB4_11AlphaMemory5count
FN:179,_RNvMs_NtCscF0MZJB4Qop_10bingo_core12alpha_memoryNtB4_11AlphaMemory8add_fact
FN:218,_RNvMs_NtCscF0MZJB4Qop_10bingo_core12alpha_memoryNtB4_11AlphaMemory9get_stats
FN:213,_RNvMs_NtCscF0MZJB4Qop_10bingo_core12alpha_memoryNtB4_11AlphaMemory9is_needed
FNDA:0,_RNvMNtCs6Pl1wmeKPjF_10bingo_core12alpha_memoryNtB2_11FactPattern12matches_fact
FNDA:0,_RNvMNtCs6Pl1wmeKPjF_10bingo_core12alpha_memoryNtB2_11FactPattern13matches_value
FNDA:0,_RNvMNtCs6Pl1wmeKPjF_10bingo_core12alpha_memoryNtB2_11FactPattern14from_condition
FNDA:0,_RNvMNtCs6Pl1wmeKPjF_10bingo_core12alpha_memoryNtB2_11FactPattern6to_key
FNDA:0,_RNvMs0_NtCs6Pl1wmeKPjF_10bingo_core12alpha_memoryNtB5_18AlphaMemoryManager14get_statistics
FNDA:0,_RNvMs0_NtCs6Pl1wmeKPjF_10bingo_core12alpha_memoryNtB5_18AlphaMemoryManager16get_alpha_memory
FNDA:0,_RNvMs0_NtCs6Pl1wmeKPjF_10bingo_core12alpha_memoryNtB5_18AlphaMemoryManager20process_fact_removal
FNDA:0,_RNvMs0_NtCs6Pl1wmeKPjF_10bingo_core12alpha_memoryNtB5_18AlphaMemoryManager21estimate_memory_usage
FNDA:0,_RNvMs0_NtCs6Pl1wmeKPjF_10bingo_core12alpha_memoryNtB5_18AlphaMemoryManager21process_fact_addition
FNDA:0,_RNvMs0_NtCs6Pl1wmeKPjF_10bingo_core12alpha_memoryNtB5_18AlphaMemoryManager22get_optimization_stats
FNDA:0,_RNvMs0_NtCs6Pl1wmeKPjF_10bingo_core12alpha_memoryNtB5_18AlphaMemoryManager23cleanup_unused_memories
FNDA:0,_RNvMs0_NtCs6Pl1wmeKPjF_10bingo_core12alpha_memoryNtB5_18AlphaMemoryManager23get_alpha_memory_by_key
FNDA:0,_RNvMs0_NtCs6Pl1wmeKPjF_10bingo_core12alpha_memoryNtB5_18AlphaMemoryManager24add_to_optimized_indexes
FNDA:0,_RNvMs0_NtCs6Pl1wmeKPjF_10bingo_core12alpha_memoryNtB5_18AlphaMemoryManager24register_rule_dependency
FNDA:0,_RNvMs0_NtCs6Pl1wmeKPjF_10bingo_core12alpha_memoryNtB5_18AlphaMemoryManager26get_or_create_alpha_memory
FNDA:0,_RNvMs0_NtCs6Pl1wmeKPjF_10bingo_core12alpha_memoryNtB5_18AlphaMemoryManager27get_pattern_frequency_stats
FNDA:0,_RNvMs0_NtCs6Pl1wmeKPjF_10bingo_core12alpha_memoryNtB5_18AlphaMemoryManager28get_alpha_memories_for_field
FNDA:0,_RNvMs0_NtCs6Pl1wmeKPjF_10bingo_core12alpha_memoryNtB5_18AlphaMemoryManager3new
FNDA:0,_RNvMs_NtCs6Pl1wmeKPjF_10bingo_core12alpha_memoryNtB4_11AlphaMemory11remove_fact
FNDA:0,_RNvMs_NtCs6Pl1wmeKPjF_10bingo_core12alpha_memoryNtB4_11AlphaMemory18add_dependent_rule
FNDA:0,_RNvMs_NtCs6Pl1wmeKPjF_10bingo_core12alpha_memoryNtB4_11AlphaMemory18get_matching_facts
FNDA:0,_RNvMs_NtCs6Pl1wmeKPjF_10bingo_core12alpha_memoryNtB4_11AlphaMemory3new
FNDA:0,_RNvMs_NtCs6Pl1wmeKPjF_10bingo_core12alpha_memoryNtB4_11AlphaMemory5count
FNDA:0,_RNvMs_NtCs6Pl1wmeKPjF_10bingo_core12alpha_memoryNtB4_11AlphaMemory8add_fact
FNDA:0,_RNvMs_NtCs6Pl1wmeKPjF_10bingo_core12alpha_memoryNtB4_11AlphaMemory9get_stats
FNDA:0,_RNvMs_NtCs6Pl1wmeKPjF_10bingo_core12alpha_memoryNtB4_11AlphaMemory9is_needed
FNDA:0,_RNvXs1_NtCs6Pl1wmeKPjF_10bingo_core12alpha_memoryNtB5_18AlphaMemoryManagerNtNtCsd2KPTObkMr_4core7default7Default7default
FNDA:0,_RNvXs2_NtCs6Pl1wmeKPjF_10bingo_core12alpha_memoryNtB5_23AlphaMemoryManagerStatsNtNtCsd2KPTObkMr_4core3fmt7Display3fmt
FNDA:0,_RNCNCNvMs0_NtCs6Pl1wmeKPjF_10bingo_core12alpha_memoryNtB9_18AlphaMemoryManager22get_optimization_stats00Bb_
FNDA:0,_RNCNCNvMs0_NtCs6Pl1wmeKPjF_10bingo_core12alpha_memoryNtB9_18AlphaMemoryManager22get_optimization_statss_00Bb_
FNDA:0,_RNCNvMNtCs6Pl1wmeKPjF_10bingo_core12alpha_memoryNtB4_11FactPattern13matches_value0B6_
FNDA:0,_RNCNvMs0_NtCs6Pl1wmeKPjF_10bingo_core12alpha_memoryNtB7_18AlphaMemoryManager14get_statistics0B9_
FNDA:0,_RNCNvMs0_NtCs6Pl1wmeKPjF_10bingo_core12alpha_memoryNtB7_18AlphaMemoryManager21estimate_memory_usage0B9_
FNDA:0,_RNCNvMs0_NtCs6Pl1wmeKPjF_10bingo_core12alpha_memoryNtB7_18AlphaMemoryManager22get_optimization_stats0B9_
FNDA:0,_RNCNvMs0_NtCs6Pl1wmeKPjF_10bingo_core12alpha_memoryNtB7_18AlphaMemoryManager22get_optimization_statss_0B9_
FNDA:0,_RNCNvMs0_NtCs6Pl1wmeKPjF_10bingo_core12alpha_memoryNtB7_18AlphaMemoryManager23cleanup_unused_memories0B9_
FNDA:0,_RNCNvMs0_NtCs6Pl1wmeKPjF_10bingo_core12alpha_memoryNtB7_18AlphaMemoryManager24add_to_optimized_indexes0B9_
FNDA:0,_RNCNvMs0_NtCs6Pl1wmeKPjF_10bingo_core12alpha_memoryNtB7_18AlphaMemoryManager27get_pattern_frequency_stats0B9_
FNDA:0,_RNCNvMs0_NtCs6Pl1wmeKPjF_10bingo_core12alpha_memoryNtB7_18AlphaMemoryManager27get_pattern_frequency_statss_0B9_
FNDA:0,_RNCNvMs0_NtCs6Pl1wmeKPjF_10bingo_core12alpha_memoryNtB7_18AlphaMemoryManager28get_alpha_memories_for_field0B9_
FNDA:0,_RNCNvXs2_NtCs6Pl1wmeKPjF_10bingo_core12alpha_memoryNtB7_23AlphaMemoryManagerStatsNtNtCsd2KPTObkMr_4core3fmt7Display3fmt0B9_
FNDA:0,_RNCNCNvMs0_NtCscF0MZJB4Qop_10bingo_core12alpha_memoryNtB9_18AlphaMemoryManager22get_optimization_stats00Bb_
FNDA:0,_RNCNCNvMs0_NtCscF0MZJB4Qop_10bingo_core12alpha_memoryNtB9_18AlphaMemoryManager22get_optimization_statss_00Bb_
FNDA:0,_RNCNvMs0_NtCscF0MZJB4Qop_10bingo_core12alpha_memoryNtB7_18AlphaMemoryManager21estimate_memory_usage0B9_
FNDA:0,_RNCNvMs0_NtCscF0MZJB4Qop_10bingo_core12alpha_memoryNtB7_18AlphaMemoryManager22get_optimization_stats0B9_
FNDA:0,_RNCNvMs0_NtCscF0MZJB4Qop_10bingo_core12alpha_memoryNtB7_18AlphaMemoryManager22get_optimization_statss_0B9_
FNDA:0,_RNCNvMs0_NtCscF0MZJB4Qop_10bingo_core12alpha_memoryNtB7_18AlphaMemoryManager27get_pattern_frequency_stats0B9_
FNDA:0,_RNCNvMs0_NtCscF0MZJB4Qop_10bingo_core12alpha_memoryNtB7_18AlphaMemoryManager27get_pattern_frequency_statss_0B9_
FNDA:0,_RNCNvMs0_NtCscF0MZJB4Qop_10bingo_core12alpha_memoryNtB7_18AlphaMemoryManager28get_alpha_memories_for_field0B9_
FNDA:0,_RNCNvXs2_NtCscF0MZJB4Qop_10bingo_core12alpha_memoryNtB7_23AlphaMemoryManagerStatsNtNtCsd2KPTObkMr_4core3fmt7Display3fmt0B9_
FNDA:0,_RNvMs0_NtCscF0MZJB4Qop_10bingo_core12alpha_memoryNtB5_18AlphaMemoryManager20process_fact_removal
FNDA:0,_RNvMs0_NtCscF0MZJB4Qop_10bingo_core12alpha_memoryNtB5_18AlphaMemoryManager21estimate_memory_usage
FNDA:0,_RNvMs0_NtCscF0MZJB4Qop_10bingo_core12alpha_memoryNtB5_18AlphaMemoryManager22get_optimization_stats
FNDA:0,_RNvMs0_NtCscF0MZJB4Qop_10bingo_core12alpha_memoryNtB5_18AlphaMemoryManager24register_rule_dependency
FNDA:0,_RNvMs0_NtCscF0MZJB4Qop_10bingo_core12alpha_memoryNtB5_18AlphaMemoryManager27get_pattern_frequency_stats
FNDA:0,_RNvMs0_NtCscF0MZJB4Qop_10bingo_core12alpha_memoryNtB5_18AlphaMemoryManager28get_alpha_memories_for_field
FNDA:0,_RNvMs_NtCscF0MZJB4Qop_10bingo_core12alpha_memoryNtB4_11AlphaMemory18get_matching_facts
FNDA:0,_RNvXs1_NtCscF0MZJB4Qop_10bingo_core12alpha_memoryNtB5_18AlphaMemoryManagerNtNtCsd2KPTObkMr_4core7default7Default7default
FNDA:0,_RNvXs2_NtCscF0MZJB4Qop_10bingo_core12alpha_memoryNtB5_23AlphaMemoryManagerStatsNtNtCsd2KPTObkMr_4core3fmt7Display3fmt
FNDA:4,_RNvNtNtCscF0MZJB4Qop_10bingo_core12alpha_memory5tests16create_test_fact
FNDA:1,_RNvNtNtCscF0MZJB4Qop_10bingo_core12alpha_memory5testss_21test_pattern_matching
FNDA:1,_RNvNtNtCscF0MZJB4Qop_10bingo_core12alpha_memory5testss_25test_alpha_memory_cleanup
FNDA:1,_RNvNtNtCscF0MZJB4Qop_10bingo_core12alpha_memory5testss_25test_alpha_memory_manager
FNDA:1,_RNvNtNtCscF0MZJB4Qop_10bingo_core12alpha_memory5testss_26test_fact_pattern_creation
FNDA:1,_RNvNtNtCscF0MZJB4Qop_10bingo_core12alpha_memory5testss_27test_pattern_key_generation
FNDA:1,_RNvNtNtCscF0MZJB4Qop_10bingo_core12alpha_memory5testss_34test_alpha_memory_basic_operations
FNDA:0,_RNCNvMNtCscF0MZJB4Qop_10bingo_core12alpha_memoryNtB4_11FactPattern13matches_value0B6_
FNDA:4,_RNCNvMs0_NtCscF0MZJB4Qop_10bingo_core12alpha_memoryNtB7_18AlphaMemoryManager14get_statistics0B9_
FNDA:1,_RNCNvMs0_NtCscF0MZJB4Qop_10bingo_core12alpha_memoryNtB7_18AlphaMemoryManager23cleanup_unused_memories0B9_
FNDA:0,_RNCNvMs0_NtCscF0MZJB4Qop_10bingo_core12alpha_memoryNtB7_18AlphaMemoryManager24add_to_optimized_indexes0B9_
FNDA:829,_RNvMNtCscF0MZJB4Qop_10bingo_core12alpha_memoryNtB2_11FactPattern12matches_fact
FNDA:29,_RNvMNtCscF0MZJB4Qop_10bingo_core12alpha_memoryNtB2_11FactPattern13matches_value
FNDA:13,_RNvMNtCscF0MZJB4Qop_10bingo_core12alpha_memoryNtB2_11FactPattern14from_condition
FNDA:21,_RNvMNtCscF0MZJB4Qop_10bingo_core12alpha_memoryNtB2_11FactPattern6to_key
FNDA:1,_RNvMs0_NtCscF0MZJB4Qop_10bingo_core12alpha_memoryNtB5_18AlphaMemoryManager14get_statistics
FNDA:1,_RNvMs0_NtCscF0MZJB4Qop_10bingo_core12alpha_memoryNtB5_18AlphaMemoryManager16get_alpha_memory
FNDA:222,_RNvMs0_NtCscF0MZJB4Qop_10bingo_core12alpha_memoryNtB5_18AlphaMemoryManager21process_fact_addition
FNDA:2,_RNvMs0_NtCscF0MZJB4Qop_10bingo_core12alpha_memoryNtB5_18AlphaMemoryManager23cleanup_unused_memories
FNDA:8,_RNvMs0_NtCscF0MZJB4Qop_10bingo_core12alpha_memoryNtB5_18AlphaMemoryManager23get_alpha_memory_by_key
FNDA:10,_RNvMs0_NtCscF0MZJB4Qop_10bingo_core12alpha_memoryNtB5_18AlphaMemoryManager24add_to_optimized_indexes
FNDA:19,_RNvMs0_NtCscF0MZJB4Qop_10bingo_core12alpha_memoryNtB5_18AlphaMemoryManager26get_or_create_alpha_memory
FNDA:13,_RNvMs0_NtCscF0MZJB4Qop_10bingo_core12alpha_memoryNtB5_18AlphaMemoryManager3new
FNDA:2,_RNvMs_NtCscF0MZJB4Qop_10bingo_core12alpha_memoryNtB4_11AlphaMemory11remove_fact
FNDA:13,_RNvMs_NtCscF0MZJB4Qop_10bingo_core12alpha_memoryNtB4_11AlphaMemory18add_dependent_rule
FNDA:11,_RNvMs_NtCscF0MZJB4Qop_10bingo_core12alpha_memoryNtB4_11AlphaMemory3new
FNDA:2,_RNvMs_NtCscF0MZJB4Qop_10bingo_core12alpha_memoryNtB4_11AlphaMemory5count
FNDA:17,_RNvMs_NtCscF0MZJB4Qop_10bingo_core12alpha_memoryNtB4_11AlphaMemory8add_fact
FNDA:4,_RNvMs_NtCscF0MZJB4Qop_10bingo_core12alpha_memoryNtB4_11AlphaMemory9get_stats
FNDA:2,_RNvMs_NtCscF0MZJB4Qop_10bingo_core12alpha_memoryNtB4_11AlphaMemory9is_needed
FNF:48
FNH:28
DA:44,13
DA:45,13
DA:46,13
DA:47,13
DA:48,13
DA:49,13
DA:50,13
DA:56,0
DA:58,13
DA:61,21
DA:62,21
DA:63,21
DA:66,829
DA:67,829
DA:68,29
DA:70,800
DA:72,829
DA:75,29
DA:76,29
DA:77,1
DA:78,0
DA:80,28
DA:81,28
[...]
FNDA:0,_RNvMNtCs6Pl1wmeKPjF_10bingo_core18unified_statisticsNtB2_12UnifiedStats5reset
FNDA:0,_RNvMs1_NtCs6Pl1wmeKPjF_10bingo_core18unified_statisticsNtB5_19UnifiedStatsBuilder10with_cache
FNDA:0,_RNvMs1_NtCs6Pl1wmeKPjF_10bingo_core18unified_statisticsNtB5_19UnifiedStatsBuilder16with_memory_pool
FNDA:0,_RNvMs1_NtCs6Pl1wmeKPjF_10bingo_core18unified_statisticsNtB5_19UnifiedStatsBuilder17with_fact_storage
FNDA:0,_RNvMs1_NtCs6Pl1wmeKPjF_10bingo_core18unified_statisticsNtB5_19UnifiedStatsBuilder3new
FNDA:0,_RNvMs1_NtCs6Pl1wmeKPjF_10bingo_core18unified_statisticsNtB5_19UnifiedStatsBuilder5build
FNDA:0,_RNvXs0_NtCs6Pl1wmeKPjF_10bingo_core18unified_statisticsNtB5_12UnifiedStatsNtNtCsd2KPTObkMr_4core3fmt7Display3fmt
FNDA:0,_RNvXs2_NtCs6Pl1wmeKPjF_10bingo_core18unified_statisticsNtB5_19UnifiedStatsBuilderNtNtCsd2KPTObkMr_4core7default7Default7default
FNDA:0,_RNvXs_NtCs6Pl1wmeKPjF_10bingo_core18unified_statisticsNtB4_12UnifiedStatsNtNtCsd2KPTObkMr_4core7default7Default7default
FNDA:0,_RNvMNtCscF0MZJB4Qop_10bingo_core18unified_statisticsNtB2_12UnifiedStats17register_indexing
FNDA:0,_RNvMNtCscF0MZJB4Qop_10bingo_core18unified_statisticsNtB2_12UnifiedStats18register_component
FNDA:0,_RNvMNtCscF0MZJB4Qop_10bingo_core18unified_statisticsNtB2_12UnifiedStats5reset
FNDA:0,_RNvXs0_NtCscF0MZJB4Qop_10bingo_core18unified_statisticsNtB5_12UnifiedStatsNtNtCsd2KPTObkMr_4core3fmt7Display3fmt
FNDA:0,_RNvXs2_NtCscF0MZJB4Qop_10bingo_core18unified_statisticsNtB5_19UnifiedStatsBuilderNtNtCsd2KPTObkMr_4core7default7Default7default
FNDA:0,_RNvXs_NtCscF0MZJB4Qop_10bingo_core18unified_statisticsNtB4_12UnifiedStatsNtNtCsd2KPTObkMr_4core7default7Default7default
FNDA:3,_RNvMNtCscF0MZJB4Qop_10bingo_core18unified_statisticsNtB2_12UnifiedStats14register_cache
FNDA:1,_RNvMNtCscF0MZJB4Qop_10bingo_core18unified_statisticsNtB2_12UnifiedStats19register_calculator
FNDA:2,_RNvMNtCscF0MZJB4Qop_10bingo_core18unified_statisticsNtB2_12UnifiedStats20register_memory_pool
FNDA:1,_RNvMNtCscF0MZJB4Qop_10bingo_core18unified_statisticsNtB2_12UnifiedStats21avg_facts_per_backend
FNDA:5,_RNvMNtCscF0MZJB4Qop_10bingo_core18unified_statisticsNtB2_12UnifiedStats21register_fact_storage
FNDA:5,_RNvMNtCscF0MZJB4Qop_10bingo_core18unified_statisticsNtB2_12UnifiedStats22overall_cache_hit_rate
FNDA:4,_RNvMNtCscF0MZJB4Qop_10bingo_core18unified_statisticsNtB2_12UnifiedStats24overall_pool_utilization
FNDA:2,_RNvMNtCscF0MZJB4Qop_10bingo_core18unified_statisticsNtB2_12UnifiedStats28calculator_result_efficiency
FNDA:2,_RNvMNtCscF0MZJB4Qop_10bingo_core18unified_statisticsNtB2_12UnifiedStats29optimization_efficiency_score
FNDA:2,_RNvMNtCscF0MZJB4Qop_10bingo_core18unified_statisticsNtB2_12UnifiedStats33calculator_compilation_efficiency
FNDA:7,_RNvMNtCscF0MZJB4Qop_10bingo_core18unified_statisticsNtB2_12UnifiedStats3new
FNDA:1,_RNvMNtCscF0MZJB4Qop_10bingo_core18unified_statisticsNtB2_12UnifiedStats5merge
FNDA:1,_RNvMs1_NtCscF0MZJB4Qop_10bingo_core18unified_statisticsNtB5_19UnifiedStatsBuilder10with_cache
FNDA:1,_RNvMs1_NtCscF0MZJB4Qop_10bingo_core18unified_statisticsNtB5_19UnifiedStatsBuilder16with_memory_pool
FNDA:1,_RNvMs1_NtCscF0MZJB4Qop_10bingo_core18unified_statisticsNtB5_19UnifiedStatsBuilder17with_fact_storage
FNDA:1,_RNvMs1_NtCscF0MZJB4Qop_10bingo_core18unified_statisticsNtB5_19UnifiedStatsBuilder3new
FNDA:1,_RNvMs1_NtCscF0MZJB4Qop_10bingo_core18unified_statisticsNtB5_19UnifiedStatsBuilder5build
FNDA:1,_RNvNtNtCscF0MZJB4Qop_10bingo_core18unified_statistics5testss_16test_stats_merge
FNDA:1,_RNvNtNtCscF0MZJB4Qop_10bingo_core18unified_statistics5testss_20test_builder_pattern
FNDA:1,_RNvNtNtCscF0MZJB4Qop_10bingo_core18unified_statistics5testss_27test_unified_stats_creation
FNDA:1,_RNvNtNtCscF0MZJB4Qop_10bingo_core18unified_statistics5testss_30test_fact_storage_registration
FNDA:1,_RNvNtNtCscF0MZJB4Qop_10bingo_core18unified_statistics5testss_31test_cache_hit_rate_calculation
FNDA:1,_RNvNtNtCscF0MZJB4Qop_10bingo_core18unified_statistics5testss_34test_optimization_efficiency_score
FNF:29
FNH:23
DA:125,7
DA:126,7
DA:127,7
DA:128,7
DA:129,7
DA:130,7
DA:131,7
DA:132,7
DA:133,7
DA:134,7
DA:137,5
DA:138,5
DA:139,5
DA:140,5
DA:141,5
DA:142,5
DA:143,5
DA:144,5
DA:145,5
DA:146,5
DA:149,3
DA:150,3
DA:151,3
DA:152,3
DA:153,3
DA:154,3
DA:155,3
DA:156,3
DA:157,3
DA:158,3
DA:159,3
DA:162,2
DA:163,2
DA:164,2
DA:165,2
DA:166,2
DA:167,2
DA:168,2
DA:169,2
DA:170,2
DA:171,2
DA:172,2
DA:173,2
DA:174,2
DA:175,2
DA:176,2
DA:179,1
DA:180,1
DA:181,1
DA:182,1
DA:183,1
DA:184,1
DA:185,1
DA:186,1
DA:187,1
DA:188,1
DA:189,1
DA:190,1
DA:191,1
DA:192,1
DA:195,0
DA:196,0
DA:197,0
DA:198,0
DA:199,0
DA:200,0
DA:203,0
DA:204,0
DA:205,0
DA:208,5
DA:209,5
DA:210,5
DA:211,2
DA:213,3
DA:215,5
DA:218,4
DA:219,4
DA:220,4
DA:221,2
DA:223,2
DA:225,4
DA:228,2
DA:229,2
DA:230,2
DA:231,2
DA:232,1
DA:234,1
DA:236,2
DA:239,2
DA:240,2
DA:241,2
DA:242,1
DA:244,1
DA:246,2
DA:249,1
DA:250,1
DA:251,0
DA:253,1
DA:254,1
DA:256,1
DA:260,2
DA:261,2
DA:262,2
DA:263,2
DA:264,2
DA:267,2
DA:268,2
DA:271,0
DA:272,0
DA:273,0
DA:276,1
DA:278,1
DA:279,1
DA:280,2
DA:281,1
DA:282,1
DA:285,1
DA:286,1
DA:287,1
DA:288,1
DA:289,0
DA:290,0
DA:293,1
DA:294,1
DA:295,1
DA:296,1
DA:297,1
DA:298,0
DA:299,0
DA:300,0
DA:303,1
DA:304,1
DA:305,1
DA:306,1
DA:307,1
DA:310,1
DA:311,1
DA:312,1
DA:313,1
DA:316,1
DA:317,0
DA:318,0
DA:319,1
DA:323,0
DA:324,0
DA:325,0
DA:329,0
DA:330,0
DA:331,0
DA:333,0
DA:334,0
DA:335,0
DA:336,0
DA:337,0
DA:338,0
DA:340,0
DA:341,0
DA:342,0
DA:343,0
DA:344,0
DA:345,0
DA:346,0
DA:347,0
DA:348,0
DA:349,0
DA:351,0
DA:353,0
DA:354,0
DA:355,0
DA:356,0
DA:357,0
DA:358,0
DA:359,0
DA:360,0
DA:361,0
DA:362,0
DA:363,0
DA:364,0
DA:366,0
DA:367,0
DA:369,0
DA:371,0
DA:372,0
DA:373,0
DA:374,0
DA:375,0
DA:376,0
DA:377,0
DA:378,0
DA:379,0
DA:380,0
DA:381,0
DA:383,0
DA:385,0
DA:386,0
DA:387,0
DA:388,0
DA:389,0
DA:390,0
DA:391,0
DA:392,0
DA:393,0
DA:394,0
DA:395,0
DA:396,0
DA:397,0
DA:398,0
DA:400,0
DA:401,0
DA:402,0
DA:403,0
DA:405,0
DA:406,0
DA:408,0
DA:409,0
DA:410,0
DA:411,0
DA:412,0
DA:414,0
DA:415,0
DA:416,0
DA:417,0
DA:419,0
DA:420,0
DA:421,0
DA:422,0
DA:424,0
DA:425,0
DA:427,0
DA:428,0
DA:429,0
DA:430,0
DA:431,0
DA:433,0
DA:435,0
DA:436,0
DA:437,0
DA:439,0
DA:441,0
DA:443,0
DA:444,0
DA:454,1
DA:455,1
DA:456,1
DA:459,1
DA:460,1
DA:461,1
DA:462,1
DA:465,1
DA:466,1
DA:467,1
DA:468,1
DA:469,1
DA:470,1
DA:471,1
DA:472,1
DA:473,1
DA:474,1
DA:477,1
DA:478,1
DA:479,1
DA:480,1
DA:481,1
DA:482,1
DA:483,1
DA:484,1
DA:485,1
DA:486,1
DA:487,1
DA:488,1
DA:489,1
DA:492,1
DA:493,1
DA:494,1
DA:498,0
DA:499,0
DA:500,0
DA:508,1
DA:509,1
DA:510,1
DA:511,1
DA:512,1
DA:513,1
DA:516,1
DA:517,1
DA:518,1
DA:519,1
DA:521,1
DA:522,1
DA:523,1
DA:524,1
DA:527,1
DA:528,1
DA:529,1
DA:531,1
DA:532,1
DA:533,1
DA:536,1
DA:537,1
DA:540,1
DA:541,1
DA:542,1
DA:543,1
DA:545,1
DA:546,1
DA:547,1
DA:550,1
DA:551,1
DA:552,1
DA:554,1
DA:555,1
DA:557,1
DA:558,1
DA:559,1
DA:560,1
DA:563,1
DA:564,1
DA:566,1
DA:567,1
DA:568,1
DA:569,1
DA:570,1
DA:572,1
DA:573,1
DA:574,1
DA:575,1
BRF:0
BRH:0
LF:326
LH:205
end_of_record
SF:/Users/hl/Projects/private/bingo/crates/bingo-types/src/types.rs
FN:120,_RINvXs1_NtCshsFFd3EvHwq_11bingo_types5typesNtB6_9FactValueNtNtCsd2KPTObkMr_4core4hash4Hash4hashNtNtNtCs9QY0sRQ9KnX_3std4hash6random13DefaultHasherECs6Pl1wmeKPjF_10bingo_core
FN:120,_RINvXs1_NtCshsFFd3EvHwq_11bingo_types5typesNtB6_9FactValueNtNtCsd2KPTObkMr_4core4hash4Hash4hashpEB8_
FN:287,_RNvMs5_NtCshsFFd3EvHwq_11bingo_types5typesNtB5_9FactValue10as_integer
FN:355,_RNvMs5_NtCshsFFd3EvHwq_11bingo_types5typesNtB5_9FactValue13date_from_iso
FN:242,_RNvMs5_NtCshsFFd3EvHwq_11bingo_types5typesNtB5_9FactValue13to_comparable
FN:328,_RNvMs5_NtCshsFFd3EvHwq_11bingo_types5typesNtB5_9FactValue16as_string_direct
FN:224,_RNvMs5_NtCshsFFd3EvHwq_11bingo_types5typesNtB5_9FactValue18is_compatible_with
FN:346,_RNvMs5_NtCshsFFd3EvHwq_11bingo_types5typesNtB5_9FactValue19date_from_timestamp
FN:363,_RNvMs5_NtCshsFFd3EvHwq_11bingo_types5typesNtB5_9FactValue4null
FN:334,_RNvMs5_NtCshsFFd3EvHwq_11bingo_types5typesNtB5_9FactValue5array
FN:371,_RNvMs5_NtCshsFFd3EvHwq_11bingo_types5typesNtB5_9FactValue6as_f64
FN:340,_RNvMs5_NtCshsFFd3EvHwq_11bingo_types5typesNtB5_9FactValue6object
FN:304,_RNvMs5_NtCshsFFd3EvHwq_11bingo_types5typesNtB5_9FactValue8as_float
FN:319,_RNvMs5_NtCshsFFd3EvHwq_11bingo_types5typesNtB5_9FactValue9as_string
FN:256,_RNvMs5_NtCshsFFd3EvHwq_11bingo_types5typesNtB5_9FactValue9is_truthy
FN:271,_RNvMs5_NtCshsFFd3EvHwq_11bingo_types5typesNtB5_9FactValue9type_name
FN:90,_RNvXs0_NtCshsFFd3EvHwq_11bingo_types5typesNtB5_9FactValueINtNtCsd2KPTObkMr_4core7convert7TryFromRNtNtCsjKAmA0Vjyfr_10serde_json5value5ValueE8try_from
FN:166,_RNvXs3_NtCshsFFd3EvHwq_11bingo_types5typesNtB5_9FactValueNtNtCsd2KPTObkMr_4core3cmp10PartialOrd11partial_cmp
FN:187,_RNvXs4_NtCshsFFd3EvHwq_11bingo_types5typesNtB5_9FactValueNtNtCsd2KPTObkMr_4core3fmt7Display3fmt
FN:38,_RNvXNtCshsFFd3EvHwq_11bingo_types5typesNtNtCsjKAmA0Vjyfr_10serde_json5value5ValueINtNtCsd2KPTObkMr_4core7convert4FromNtB2_9FactValueE4from
FN:62,_RNvXs_NtCshsFFd3EvHwq_11bingo_types5typesNtNtCsjKAmA0Vjyfr_10serde_json5value5ValueINtNtCsd2KPTObkMr_4core7convert4FromRNtB4_9FactValueE4from
FN:51,_RNCNvXNtCshsFFd3EvHwq_11bingo_types5typesNtNtCsjKAmA0Vjyfr_10serde_json5value5ValueINtNtCsd2KPTObkMr_4core7convert4FromNtB4_9FactValueE4from0B6_
FN:77,_RNCNvXs_NtCshsFFd3EvHwq_11bingo_types5typesNtNtCsjKAmA0Vjyfr_10serde_json5value5ValueINtNtCsd2KPTObkMr_4core7convert4FromRNtB6_9FactValueE4from0B8_
FN:120,_RINvXs1_NtCshsFFd3EvHwq_11bingo_types5typesNtB6_9FactValueNtNtCsd2KPTObkMr_4core4hash4Hash4hashNtNtNtCs9QY0sRQ9KnX_3std4hash6random13DefaultHasherECscF0MZJB4Qop_10bingo_core
FN:120,_RINvXs1_NtCs3yf2OEqkYV3_11bingo_types5typesNtB6_9FactValueNtNtCsd2KPTObkMr_4core4hash4Hash4hashpEB8_
FN:51,_RNCNvXNtCs3yf2OEqkYV3_11bingo_types5typesNtNtCsjKAmA0Vjyfr_10serde_json5value5ValueINtNtCsd2KPTObkMr_4core7convert4FromNtB4_9FactValueE4from0B6_
FN:77,_RNCNvXs_NtCs3yf2OEqkYV3_11bingo_types5typesNtNtCsjKAmA0Vjyfr_10serde_json5value5ValueINtNtCsd2KPTObkMr_4core7convert4FromRNtB6_9FactValueE4from0B8_
FN:287,_RNvMs5_NtCs3yf2OEqkYV3_11bingo_types5typesNtB5_9FactValue10as_integer
FN:355,_RNvMs5_NtCs3yf2OEqkYV3_11bingo_types5typesNtB5_9FactValue13date_from_iso
FN:242,_RNvMs5_NtCs3yf2OEqkYV3_11bingo_types5typesNtB5_9FactValue13to_comparable
FN:328,_RNvMs5_NtCs3yf2OEqkYV3_11bingo_types5typesNtB5_9FactValue16as_string_direct
FN:224,_RNvMs5_NtCs3yf2OEqkYV3_11bingo_types5typesNtB5_9FactValue18is_compatible_with
FN:346,_RNvMs5_NtCs3yf2OEqkYV3_11bingo_types5typesNtB5_9FactValue19date_from_timestamp
FN:363,_RNvMs5_NtCs3yf2OEqkYV3_11bingo_types5typesNtB5_9FactValue4null
FN:334,_RNvMs5_NtCs3yf2OEqkYV3_11bingo_types5typesNtB5_9FactValue5array
FN:371,_RNvMs5_NtCs3yf2OEqkYV3_11bingo_types5typesNtB5_9FactValue6as_f64
FN:340,_RNvMs5_NtCs3yf2OEqkYV3_11bingo_types5typesNtB5_9FactValue6object
FN:304,_RNvMs5_NtCs3yf2OEqkYV3_11bingo_types5typesNtB5_9FactValue8as_float
FN:319,_RNvMs5_NtCs3yf2OEqkYV3_11bingo_types5typesNtB5_9FactValue9as_string
FN:256,_RNvMs5_NtCs3yf2OEqkYV3_11bingo_types5typesNtB5_9FactValue9is_truthy
FN:271,_RNvMs5_NtCs3yf2OEqkYV3_11bingo_types5typesNtB5_9FactValue9type_name
FN:38,_RNvXNtCs3yf2OEqkYV3_11bingo_types5typesNtNtCsjKAmA0Vjyfr_10serde_json5value5ValueINtNtCsd2KPTObkMr_4core7convert4FromNtB2_9FactValueE4from
FN:90,_RNvXs0_NtCs3yf2OEqkYV3_11bingo_types5typesNtB5_9FactValueINtNtCsd2KPTObkMr_4core7convert7TryFromRNtNtCsjKAmA0Vjyfr_10serde_json5value5ValueE8try_from
FN:166,_RNvXs3_NtCs3yf2OEqkYV3_11bingo_types5typesNtB5_9FactValueNtNtCsd2KPTObkMr_4core3cmp10PartialOrd11partial_cmp
FN:187,_RNvXs4_NtCs3yf2OEqkYV3_11bingo_types5typesNtB5_9FactValueNtNtCsd2KPTObkMr_4core3fmt7Display3fmt
FN:62,_RNvXs_NtCs3yf2OEqkYV3_11bingo_types5typesNtNtCsjKAmA0Vjyfr_10serde_json5value5ValueINtNtCsd2KPTObkMr_4core7convert4FromRNtB4_9FactValueE4from
FNDA:0,_RINvXs1_NtCshsFFd3EvHwq_11bingo_types5typesNtB6_9FactValueNtNtCsd2KPTObkMr_4core4hash4Hash4hashNtNtNtCs9QY0sRQ9KnX_3std4hash6random13DefaultHasherECs6Pl1wmeKPjF_10bingo_core
FNDA:0,_RINvXs1_NtCshsFFd3EvHwq_11bingo_types5typesNtB6_9FactValueNtNtCsd2KPTObkMr_4core4hash4Hash4hashpEB8_
FNDA:0,_RNvMs5_NtCshsFFd3EvHwq_11bingo_types5typesNtB5_9FactValue10as_integer
FNDA:0,_RNvMs5_NtCshsFFd3EvHwq_11bingo_types5typesNtB5_9FactValue13date_from_iso
FNDA:93,_RNvMs5_NtCshsFFd3EvHwq_11bingo_types5typesNtB5_9FactValue13to_comparable
FNDA:37,_RNvMs5_NtCshsFFd3EvHwq_11bingo_types5typesNtB5_9FactValue16as_string_direct
FNDA:0,_RNvMs5_NtCshsFFd3EvHwq_11bingo_types5typesNtB5_9FactValue18is_compatible_with
FNDA:0,_RNvMs5_NtCshsFFd3EvHwq_11bingo_types5typesNtB5_9FactValue19date_from_timestamp
FNDA:0,_RNvMs5_NtCshsFFd3EvHwq_11bingo_types5typesNtB5_9FactValue4null
FNDA:0,_RNvMs5_NtCshsFFd3EvHwq_11bingo_types5typesNtB5_9FactValue5array
FNDA:0,_RNvMs5_NtCshsFFd3EvHwq_11bingo_types5typesNtB5_9FactValue6as_f64
FNDA:0,_RNvMs5_NtCshsFFd3EvHwq_11bingo_types5typesNtB5_9FactValue6object
FNDA:0,_RNvMs5_NtCshsFFd3EvHwq_11bingo_types5typesNtB5_9FactValue8as_float
FNDA:42,_RNvMs5_NtCshsFFd3EvHwq_11bingo_types5typesNtB5_9FactValue9as_string
FNDA:0,_RNvMs5_NtCshsFFd3EvHwq_11bingo_types5typesNtB5_9FactValue9is_truthy
FNDA:0,_RNvMs5_NtCshsFFd3EvHwq_11bingo_types5typesNtB5_9FactValue9type_name
FNDA:14,_RNvXs0_NtCshsFFd3EvHwq_11bingo_types5typesNtB5_9FactValueINtNtCsd2KPTObkMr_4core7convert7TryFromRNtNtCsjKAmA0Vjyfr_10serde_json5value5ValueE8try_from
FNDA:0,_RNvXs3_NtCshsFFd3EvHwq_11bingo_types5typesNtB5_9FactValueNtNtCsd2KPTObkMr_4core3cmp10PartialOrd11partial_cmp
FNDA:0,_RNvXs4_NtCshsFFd3EvHwq_11bingo_types5typesNtB5_9FactValueNtNtCsd2KPTObkMr_4core3fmt7Display3fmt
FNDA:0,_RNvXNtCshsFFd3EvHwq_11bingo_types5typesNtNtCsjKAmA0Vjyfr_10serde_json5value5ValueINtNtCsd2KPTObkMr_4core7convert4FromNtB2_9FactValueE4from
FNDA:17,_RNvXs_NtCshsFFd3EvHwq_11bingo_types5typesNtNtCsjKAmA0Vjyfr_10serde_json5value5ValueINtNtCsd2KPTObkMr_4core7convert4FromRNtB4_9FactValueE4from
FNDA:0,_RNCNvXNtCshsFFd3EvHwq_11bingo_types5typesNtNtCsjKAmA0Vjyfr_10serde_json5value5ValueINtNtCsd2KPTObkMr_4core7convert4FromNtB4_9FactValueE4from0B6_
FNDA:0,_RNCNvXs_NtCshsFFd3EvHwq_11bingo_types5typesNtNtCsjKAmA0Vjyfr_10serde_json5value5ValueINtNtCsd2KPTObkMr_4core7convert4FromRNtB6_9FactValueE4from0B8_
FNDA:19,_RINvXs1_NtCshsFFd3EvHwq_11bingo_types5typesNtB6_9FactValueNtNtCsd2KPTObkMr_4core4hash4Hash4hashNtNtNtCs9QY0sRQ9KnX_3std4hash6random13DefaultHasherECscF0MZJB4Qop_10bingo_core
FNDA:0,_RINvXs1_NtCs3yf2OEqkYV3_11bingo_types5typesNtB6_9FactValueNtNtCsd2KPTObkMr_4core4hash4Hash4hashpEB8_
FNDA:0,_RNCNvXNtCs3yf2OEqkYV3_11bingo_types5typesNtNtCsjKAmA0Vjyfr_10serde_json5value5ValueINtNtCsd2KPTObkMr_4core7convert4FromNtB4_9FactValueE4from0B6_
FNDA:0,_RNCNvXs_NtCs3yf2OEqkYV3_11bingo_types5typesNtNtCsjKAmA0Vjyfr_10serde_json5value5ValueINtNtCsd2KPTObkMr_4core7convert4FromRNtB6_9FactValueE4from0B8_
FNDA:0,_RNvMs5_NtCs3yf2OEqkYV3_11bingo_types5typesNtB5_9FactValue10as_integer
FNDA:0,_RNvMs5_NtCs3yf2OEqkYV3_11bingo_types5typesNtB5_9FactValue13date_from_iso
FNDA:0,_RNvMs5_NtCs3yf2OEqkYV3_11bingo_types5typesNtB5_9FactValue13to_comparable
FNDA:0,_RNvMs5_NtCs3yf2OEqkYV3_11bingo_types5typesNtB5_9FactValue16as_string_direct
FNDA:0,_RNvMs5_NtCs3yf2OEqkYV3_11bingo_types5typesNtB5_9FactValue18is_compatible_with
FNDA:0,_RNvMs5_NtCs3yf2OEqkYV3_11bingo_types5typesNtB5_9FactValue19date_from_timestamp
FNDA:0,_RNvMs5_NtCs3yf2OEqkYV3_11bingo_types5typesNtB5_9FactValue4null
FNDA:0,_RNvMs5_NtCs3yf2OEqkYV3_11bingo_types5typesNtB5_9FactValue5array
FNDA:0,_RNvMs5_NtCs3yf2OEqkYV3_11bingo_types5typesNtB5_9FactValue6as_f64
FNDA:0,_RNvMs5_NtCs3yf2OEqkYV3_11bingo_types5typesNtB5_9FactValue6object
FNDA:0,_RNvMs5_NtCs3yf2OEqkYV3_11bingo_types5typesNtB5_9FactValue8as_float
FNDA:0,_RNvMs5_NtCs3yf2OEqkYV3_11bingo_types5typesNtB5_9FactValue9as_string
FNDA:0,_RNvMs5_NtCs3yf2OEqkYV3_11bingo_types5typesNtB5_9FactValue9is_truthy
FNDA:0,_RNvMs5_NtCs3yf2OEqkYV3_11bingo_types5typesNtB5_9FactValue9type_name
FNDA:0,_RNvXNtCs3yf2OEqkYV3_11bingo_types5typesNtNtCsjKAmA0Vjyfr_10serde_json5value5ValueINtNtCsd2KPTObkMr_4core7convert4FromNtB2_9FactValueE4from
FNDA:0,_RNvXs0_NtCs3yf2OEqkYV3_11bingo_types5typesNtB5_9FactValueINtNtCsd2KPTObkMr_4core7convert7TryFromRNtNtCsjKAmA0Vjyfr_10serde_json5value5ValueE8try_from
FNDA:0,_RNvXs3_NtCs3yf2OEqkYV3_11bingo_types5typesNtB5_9FactValueNtNtCsd2KPTObkMr_4core3cmp10PartialOrd11partial_cmp
FNDA:0,_RNvXs4_NtCs3yf2OEqkYV3_11bingo_types5typesNtB5_9FactValueNtNtCsd2KPTObkMr_4core3fmt7Display3fmt
FNDA:0,_RNvXs_NtCs3yf2OEqkYV3_11bingo_types5typesNtNtCsjKAmA0Vjyfr_10serde_json5value5ValueINtNtCsd2KPTObkMr_4core7convert4FromRNtB4_9FactValueE4from
FNF:22
FNH:6
DA:38,0
DA:39,0
DA:40,0
DA:41,0
DA:42,0
DA:43,0
DA:44,0
DA:45,0
DA:46,0
DA:48,0
DA:49,0
DA:50,0
DA:51,0
DA:52,0
DA:53,0
DA:55,0
DA:56,0
DA:58,0
DA:62,17
DA:63,17
DA:64,3
DA:65,12
DA:66,1
DA:67,1
DA:69,1
DA:70,0
DA:71,0
DA:72,0
DA:74,0
DA:75,0
DA:76,0
DA:77,0
DA:78,0
DA:79,0
DA:81,0
DA:82,0
DA:84,17
DA:90,14
DA:91,14
DA:92,1
DA:93,12
DA:94,12
DA:95,11
DA:96,1
DA:97,1
DA:99,0
DA:102,1
DA:103,0
DA:104,0
DA:105,0
DA:107,0
DA:108,0
DA:109,0
DA:110,0
DA:112,0
DA:114,0
DA:116,14
DA:120,19
DA:121,19
DA:122,10
DA:123,10
DA:124,10
DA:125,10
DA:126,9
DA:127,9
DA:128,9
DA:129,9
DA:130,0
DA:131,0
DA:132,0
DA:133,0
DA:134,0
DA:135,0
DA:136,0
DA:137,0
DA:138,0
DA:139,0
DA:140,0
DA:141,0
DA:142,0
DA:143,0
DA:145,0
DA:146,0
DA:147,0
DA:148,0
DA:149,0
DA:150,0
DA:152,0
DA:153,0
DA:154,0
DA:155,0
DA:156,0
DA:157,0
DA:158,0
DA:160,19
DA:166,0
DA:168,0
DA:169,0
DA:170,0
DA:171,0
DA:172,0
DA:173,0
DA:174,0
DA:177,0
DA:179,0
DA:181,0
DA:183,0
DA:187,0
DA:188,0
DA:189,0
DA:190,0
DA:191,0
DA:192,0
DA:193,0
DA:194,0
DA:195,0
DA:196,0
DA:197,0
DA:198,0
DA:199,0
DA:201,0
DA:203,0
DA:204,0
DA:205,0
DA:206,0
DA:207,0
DA:208,0
DA:209,0
DA:210,0
DA:211,0
DA:213,0
DA:215,0
DA:216,0
DA:218,0
DA:224,0
DA:226,0
DA:227,0
DA:237,0
DA:242,93
DA:243,93
DA:244,93
DA:245,0
DA:246,0
DA:247,0
DA:248,0
DA:249,0
DA:250,0
DA:252,93
DA:256,0
DA:257,0
DA:258,0
DA:259,0
DA:260,0
DA:261,0
DA:262,0
DA:263,0
DA:264,0
DA:265,0
DA:267,0
DA:271,0
DA:272,0
DA:273,0
DA:274,0
DA:275,0
DA:276,0
DA:277,0
DA:278,0
DA:279,0
DA:280,0
DA:282,0
DA:287,0
DA:288,0
DA:289,0
DA:291,0
DA:292,0
DA:293,0
DA:294,0
DA:295,0
DA:296,0
DA:297,0
DA:299,0
DA:304,0
DA:305,0
DA:306,0
DA:307,0
DA:308,0
DA:309,0
DA:310,0
DA:311,0
DA:312,0
DA:313,0
DA:315,0
DA:319,42
DA:320,42
DA:321,42
DA:322,0
DA:324,42
DA:328,37
DA:329,37
DA:330,37
DA:334,0
DA:335,0
DA:336,0
DA:340,0
DA:341,0
DA:342,0
DA:346,0
DA:347,0
DA:348,0
DA:355,0
DA:357,0
DA:359,0
DA:363,0
DA:364,0
DA:365,0
DA:371,0
DA:372,0
DA:373,0
DA:374,0
DA:375,0
DA:377,0
BRF:0
BRH:0
LF:223
LH:40
end_of_record
SF:/Users/hl/Projects/private/bingo/crates/bingo-web/src/main.rs
FN:26,_RINvXCs5AKNlgv7m4Q_9bingo_webNtB3_17DashboardTemplateNtCs6x8jZHAXMLG_6askama8Template11render_intopEB3_
FN:37,_RINvXs1_Cs5AKNlgv7m4Q_9bingo_webNtB6_13RulesTemplateNtCs6x8jZHAXMLG_6askama8Template11render_intopEB6_
FN:11,_RNCNCNCNvCs5AKNlgv7m4Q_9bingo_web4main000B7_
FN:11,_RNCNCNvCs5AKNlgv7m4Q_9bingo_web4main00B5_
FN:6,_RNCNvCs5AKNlgv7m4Q_9bingo_web4main0B3_
FN:41,_RNCNvCs5AKNlgv7m4Q_9bingo_web5rules0B3_
FN:32,_RNCNvCs5AKNlgv7m4Q_9bingo_web9dashboard0B3_
FN:6,_RNvCs5AKNlgv7m4Q_9bingo_web4main
FN:41,_RNvCs5AKNlgv7m4Q_9bingo_web5rules
FN:32,_RNvCs5AKNlgv7m4Q_9bingo_web9dashboard
FNDA:0,_RINvXCs5AKNlgv7m4Q_9bingo_webNtB3_17DashboardTemplateNtCs6x8jZHAXMLG_6askama8Template11render_intopEB3_
FNDA:0,_RINvXs1_Cs5AKNlgv7m4Q_9bingo_webNtB6_13RulesTemplateNtCs6x8jZHAXMLG_6askama8Template11render_intopEB6_
FNDA:0,_RNCNCNCNvCs5AKNlgv7m4Q_9bingo_web4main000B7_
FNDA:0,_RNCNCNvCs5AKNlgv7m4Q_9bingo_web4main00B5_
FNDA:0,_RNCNvCs5AKNlgv7m4Q_9bingo_web4main0B3_
FNDA:0,_RNCNvCs5AKNlgv7m4Q_9bingo_web5rules0B3_
FNDA:0,_RNCNvCs5AKNlgv7m4Q_9bingo_web9dashboard0B3_
FNDA:0,_RNvCs5AKNlgv7m4Q_9bingo_web4main
FNDA:0,_RNvCs5AKNlgv7m4Q_9bingo_web5rules
FNDA:0,_RNvCs5AKNlgv7m4Q_9bingo_web9dashboard
FNF:10
FNH:0
DA:6,0
DA:8,0
DA:9,0
DA:10,0
DA:11,0
DA:14,0
DA:15,0
DA:16,0
DA:17,0
DA:18,0
DA:26,0
DA:32,0
DA:33,0
DA:34,0
DA:35,0
DA:37,0
DA:41,0
DA:42,0
DA:43,0
BRF:0
BRH:0
LF:25
LH:0
end_of_record